
DFT ERR ... 2021-10-13 14:44:3 Using 4 threads
DFT ERR ... 2021-10-13 14:44:3 Using MKL overload for Eigen 
DFT ERR ...  Molecule Coordinates [A] 
DFT ERR ...   C   +7.2498 +5.9987 +6.9816
DFT ERR ...   C   +8.3941 +5.2905 +7.2231
DFT ERR ...   S   +9.4238 +6.1259 +8.2255
DFT ERR ...   C   +8.4019 +7.4292 +8.3679
DFT ERR ...   C   +7.2542 +7.2442 +7.6483
DFT ERR ...   H   +6.4443 +5.6423 +6.3555
DFT ERR ...   H   +8.6517 +4.3152 +6.8421
DFT ERR ...   H   +8.6666 +8.2851 +8.9679
DFT ERR ...   H   +6.4528 +7.9674 +7.5999
DFT ERR ... 2021-10-13 14:44:3 Loaded DFT Basis Set 3-21G with 57 functions
DFT ERR ... 2021-10-13 14:44:3 Loaded AUX Basis Set aux-def2-svp with 310 functions
DFT ERR ... 2021-10-13 14:44:3 Total number of electrons: 44
DFT INF ... 2021-10-13 14:44:3 Filled DFT Overlap matrix.
DFT ERR ... 2021-10-13 14:44:3 Smallest value of AOOverlap matrix is 0.00446806
DFT ERR ... 2021-10-13 14:44:3 Removed 0 basisfunction from inverse overlap matrix
DFT ERR ... 2021-10-13 14:44:3 Convergence Options:
DFT ERR ... 		 Delta E [Ha]: 1e-07
DFT ERR ... 		 DIIS max error: 1e-07
DFT ERR ... 		 DIIS histlength: 20
DFT ERR ... 		 ADIIS start: 0.8
DFT ERR ... 		 DIIS start: 0.002
DFT ERR ... 		 Deleting oldest element from DIIS hist
DFT ERR ... 		 Levelshift[Ha]: 0
DFT ERR ... 		 Levelshift end: 0.2
DFT ERR ... 		 Mixing Parameter alpha: 0.7
DFT INF ... 2021-10-13 14:44:3 Inverted AUX Coulomb matrix, removed 0 functions from aux basis
DFT ERR ... 2021-10-13 14:44:3 Setup invariant parts of Electron Repulsion integrals 
DFT INF ... 2021-10-13 14:44:3 Filled DFT Kinetic energy matrix .
DFT INF ... 2021-10-13 14:44:3 Filled DFT nuclear potential matrix.
DFT ERR ... 2021-10-13 14:44:3 Constructed independent particle hamiltonian 
DFT ERR ... 2021-10-13 14:44:3 Nuclear Repulsion Energy is 206.268375
DFT ERR ... 2021-10-13 14:44:3 Using hybrid functional with alpha=0.25
DFT ERR ... 2021-10-13 14:44:3 Setup numerical integration grid medium for vxc functional XC_HYB_GGA_XC_PBEH
DFT INF ... 		  with 100182 points divided into 286 boxes
DFT ERR ... 2021-10-13 14:44:3 Setup Initial Guess using: atom
DFT INF ... 2021-10-13 14:44:3 Scanning molecule of size 9 for unique elements
DFT INF ... 2021-10-13 14:44:3 3 unique elements found
DFT ERR ... 2021-10-13 14:44:3 Calculating atom density for C
DFT DBG ... 2021-10-13 14:44:3 Iter 0 of 80 Etot -16.9543948 diise_a 0.68080196 diise_b 0.68080196
		 a_gap 0.0547927075 b_gap 0.0547927075 Nalpha=3 Nbeta=3
DFT DBG ... 2021-10-13 14:44:3 Iter 1 of 80 Etot -19.261726 diise_a 0.471038729 diise_b 0.471038729
		 a_gap 0.135109085 b_gap 0.135109085 Nalpha=3 Nbeta=3
DFT DBG ... 2021-10-13 14:44:3 Iter 2 of 80 Etot -20.7233458 diise_a 0.290929682 diise_b 0.290929682
		 a_gap 0.148729572 b_gap 0.148729572 Nalpha=3 Nbeta=3
DFT DBG ... 2021-10-13 14:44:3 Iter 3 of 80 Etot -21.5933374 diise_a 0.178625696 diise_b 0.178625696
		 a_gap 0.155905545 b_gap 0.155905545 Nalpha=3 Nbeta=3
DFT DBG ... 2021-10-13 14:44:3 Iter 4 of 80 Etot -22.1148201 diise_a 0.110588333 diise_b 0.110588333
		 a_gap 0.159843589 b_gap 0.159843589 Nalpha=3 Nbeta=3
DFT DBG ... 2021-10-13 14:44:3 Iter 5 of 80 Etot -22.432454 diise_a 0.0693377391 diise_b 0.0693377391
		 a_gap 0.162262465 b_gap 0.162262465 Nalpha=3 Nbeta=3
DFT DBG ... 2021-10-13 14:44:3 Iter 6 of 80 Etot -22.6289815 diise_a 0.044111432 diise_b 0.044111432
		 a_gap 0.16387999 b_gap 0.16387999 Nalpha=3 Nbeta=3
DFT DBG ... 2021-10-13 14:44:3 Iter 7 of 80 Etot -22.7522836 diise_a 0.0285015151 diise_b 0.0285015151
		 a_gap 0.16500963 b_gap 0.16500963 Nalpha=3 Nbeta=3
DFT DBG ... 2021-10-13 14:44:3 Iter 8 of 80 Etot -22.8306088 diise_a 0.0187091945 diise_b 0.0187091945
		 a_gap 0.165812439 b_gap 0.165812439 Nalpha=3 Nbeta=3
DFT DBG ... 2021-10-13 14:44:3 Iter 9 of 80 Etot -22.880925 diise_a 0.0124737887 diise_b 0.0124737887
		 a_gap 0.166385952 b_gap 0.166385952 Nalpha=3 Nbeta=3
DFT DBG ... 2021-10-13 14:44:3 Iter 10 of 80 Etot -22.9135823 diise_a 0.00844038464 diise_b 0.00844038464
		 a_gap 0.166795757 b_gap 0.166795757 Nalpha=3 Nbeta=3
DFT DBG ... 2021-10-13 14:44:3 Iter 11 of 80 Etot -22.9349793 diise_a 0.00578942587 diise_b 0.00578942587
		 a_gap 0.167088159 b_gap 0.167088159 Nalpha=3 Nbeta=3
DFT DBG ... 2021-10-13 14:44:3 Iter 12 of 80 Etot -22.9491202 diise_a 0.00401966926 diise_b 0.00401966926
		 a_gap 0.167296413 b_gap 0.167296413 Nalpha=3 Nbeta=3
DFT DBG ... 2021-10-13 14:44:3 Iter 13 of 80 Etot -22.9585389 diise_a 0.00282060927 diise_b 0.00282060927
		 a_gap 0.167444488 b_gap 0.167444488 Nalpha=3 Nbeta=3
DFT DBG ... 2021-10-13 14:44:3 Iter 14 of 80 Etot -22.9648566 diise_a 0.00199713093 diise_b 0.00199713093
		 a_gap 0.167549627 b_gap 0.167549627 Nalpha=3 Nbeta=3
DFT DBG ... 2021-10-13 14:44:3 Iter 15 of 80 Etot -22.9691205 diise_a 0.00142472485 diise_b 0.00142472485
		 a_gap 0.167624197 b_gap 0.167624197 Nalpha=3 Nbeta=3
DFT DBG ... 2021-10-13 14:44:3 Iter 16 of 80 Etot -22.972014 diise_a 0.00102265219 diise_b 0.00102265219
		 a_gap 0.167677042 b_gap 0.167677042 Nalpha=3 Nbeta=3
DFT DBG ... 2021-10-13 14:44:3 Iter 17 of 80 Etot -22.9739868 diise_a 0.000737705904 diise_b 0.000737705904
		 a_gap 0.167714469 b_gap 0.167714469 Nalpha=3 Nbeta=3
DFT DBG ... 2021-10-13 14:44:4 Iter 18 of 80 Etot -22.9753374 diise_a 0.000534268732 diise_b 0.000534268732
		 a_gap 0.167740964 b_gap 0.167740964 Nalpha=3 Nbeta=3
DFT DBG ... 2021-10-13 14:44:4 Iter 19 of 80 Etot -22.9762651 diise_a 0.000388144724 diise_b 0.000388144724
		 a_gap 0.167759716 b_gap 0.167759716 Nalpha=3 Nbeta=3
DFT DBG ... 2021-10-13 14:44:4 Iter 20 of 80 Etot -22.9769043 diise_a 0.000282675055 diise_b 0.000282675055
		 a_gap 0.167772986 b_gap 0.167772986 Nalpha=3 Nbeta=3
DFT DBG ... 2021-10-13 14:44:4 Iter 21 of 80 Etot -22.9773458 diise_a 0.000206253361 diise_b 0.000206253361
		 a_gap 0.167782376 b_gap 0.167782376 Nalpha=3 Nbeta=3
DFT DBG ... 2021-10-13 14:44:4 Iter 22 of 80 Etot -22.9776513 diise_a 0.000150710216 diise_b 0.000150710216
		 a_gap 0.16778902 b_gap 0.16778902 Nalpha=3 Nbeta=3
DFT DBG ... 2021-10-13 14:44:4 Iter 23 of 80 Etot -22.977863 diise_a 0.000110245499 diise_b 0.000110245499
		 a_gap 0.167793722 b_gap 0.167793722 Nalpha=3 Nbeta=3
DFT DBG ... 2021-10-13 14:44:4 Iter 24 of 80 Etot -22.97801 diise_a 8.07117116e-05 diise_b 8.07117116e-05
		 a_gap 0.16779705 b_gap 0.16779705 Nalpha=3 Nbeta=3
DFT DBG ... 2021-10-13 14:44:4 Iter 25 of 80 Etot -22.9781122 diise_a 5.91257901e-05 diise_b 5.91257901e-05
		 a_gap 0.167799407 b_gap 0.167799407 Nalpha=3 Nbeta=3
DFT DBG ... 2021-10-13 14:44:4 Iter 26 of 80 Etot -22.9781833 diise_a 4.33321383e-05 diise_b 4.33321383e-05
		 a_gap 0.167801075 b_gap 0.167801075 Nalpha=3 Nbeta=3
DFT DBG ... 2021-10-13 14:44:4 Iter 27 of 80 Etot -22.9782328 diise_a 3.17673216e-05 diise_b 3.17673216e-05
		 a_gap 0.167802257 b_gap 0.167802257 Nalpha=3 Nbeta=3
DFT DBG ... 2021-10-13 14:44:4 Iter 28 of 80 Etot -22.9782672 diise_a 2.32940986e-05 diise_b 2.32940986e-05
		 a_gap 0.167803095 b_gap 0.167803095 Nalpha=3 Nbeta=3
DFT DBG ... 2021-10-13 14:44:4 Iter 29 of 80 Etot -22.9782913 diise_a 1.70833765e-05 diise_b 1.70833765e-05
		 a_gap 0.167803688 b_gap 0.167803688 Nalpha=3 Nbeta=3
DFT DBG ... 2021-10-13 14:44:4 Iter 30 of 80 Etot -22.978308 diise_a 1.25296684e-05 diise_b 1.25296684e-05
		 a_gap 0.167804109 b_gap 0.167804109 Nalpha=3 Nbeta=3
DFT DBG ... 2021-10-13 14:44:4 Iter 31 of 80 Etot -22.9783197 diise_a 9.19020522e-06 diise_b 9.19020522e-06
		 a_gap 0.167804408 b_gap 0.167804408 Nalpha=3 Nbeta=3
DFT DBG ... 2021-10-13 14:44:4 Iter 32 of 80 Etot -22.9783278 diise_a 6.74088718e-06 diise_b 6.74088718e-06
		 a_gap 0.16780462 b_gap 0.16780462 Nalpha=3 Nbeta=3
DFT DBG ... 2021-10-13 14:44:4 Iter 33 of 80 Etot -22.9783335 diise_a 4.94430487e-06 diise_b 4.94430487e-06
		 a_gap 0.16780477 b_gap 0.16780477 Nalpha=3 Nbeta=3
DFT DBG ... 2021-10-13 14:44:4 Iter 34 of 80 Etot -22.9783375 diise_a 3.62645829e-06 diise_b 3.62645829e-06
		 a_gap 0.167804877 b_gap 0.167804877 Nalpha=3 Nbeta=3
DFT DBG ... 2021-10-13 14:44:4 Iter 35 of 80 Etot -22.9783403 diise_a 2.6597724e-06 diise_b 2.6597724e-06
		 a_gap 0.167804953 b_gap 0.167804953 Nalpha=3 Nbeta=3
DFT DBG ... 2021-10-13 14:44:4 Iter 36 of 80 Etot -22.9783422 diise_a 1.95068583e-06 diise_b 1.95068583e-06
		 a_gap 0.167805007 b_gap 0.167805007 Nalpha=3 Nbeta=3
DFT DBG ... 2021-10-13 14:44:4 Iter 37 of 80 Etot -22.9783435 diise_a 1.43057033e-06 diise_b 1.43057033e-06
		 a_gap 0.167805045 b_gap 0.167805045 Nalpha=3 Nbeta=3
DFT DBG ... 2021-10-13 14:44:4 Iter 38 of 80 Etot -22.9783445 diise_a 1.04908101e-06 diise_b 1.04908101e-06
		 a_gap 0.167805072 b_gap 0.167805072 Nalpha=3 Nbeta=3
DFT DBG ... 2021-10-13 14:44:4 Iter 39 of 80 Etot -22.9783451 diise_a 7.69283397e-07 diise_b 7.69283397e-07
		 a_gap 0.167805092 b_gap 0.167805092 Nalpha=3 Nbeta=3
DFT DBG ... 2021-10-13 14:44:4 Iter 40 of 80 Etot -22.9783456 diise_a 5.64080804e-07 diise_b 5.64080804e-07
		 a_gap 0.167805106 b_gap 0.167805106 Nalpha=3 Nbeta=3
DFT DBG ... 2021-10-13 14:44:4 Iter 41 of 80 Etot -22.9783459 diise_a 4.13594148e-07 diise_b 4.13594148e-07
		 a_gap 0.167805116 b_gap 0.167805116 Nalpha=3 Nbeta=3
DFT DBG ... 2021-10-13 14:44:4 Iter 42 of 80 Etot -22.9783461 diise_a 3.03239869e-07 diise_b 3.03239869e-07
		 a_gap 0.167805123 b_gap 0.167805123 Nalpha=3 Nbeta=3
DFT DBG ... 2021-10-13 14:44:4 Iter 43 of 80 Etot -22.9783463 diise_a 2.2231972e-07 diise_b 2.2231972e-07
		 a_gap 0.167805128 b_gap 0.167805128 Nalpha=3 Nbeta=3
DFT DBG ... 2021-10-13 14:44:4 Iter 44 of 80 Etot -22.9783464 diise_a 1.62986067e-07 diise_b 1.62986067e-07
		 a_gap 0.167805131 b_gap 0.167805131 Nalpha=3 Nbeta=3
DFT DBG ... 2021-10-13 14:44:4 Iter 45 of 80 Etot -22.9783465 diise_a 1.19482667e-07 diise_b 1.19482667e-07
		 a_gap 0.167805134 b_gap 0.167805134 Nalpha=3 Nbeta=3
DFT DBG ... 2021-10-13 14:44:4 Iter 46 of 80 Etot -22.9783465 diise_a 8.75875539e-08 diise_b 8.75875539e-08
		 a_gap 0.167805136 b_gap 0.167805136 Nalpha=3 Nbeta=3
DFT INF ... 2021-10-13 14:44:4 Converged after 47 iterations
DFT INF ... 2021-10-13 14:44:4 Atomic density Matrix for C gives N=6 electrons.
DFT ERR ... 2021-10-13 14:44:4 Calculating atom density for S
DFT DBG ... 2021-10-13 14:44:4 Iter 0 of 80 Etot -214.989272 diise_a 1.01209884 diise_b 1.01209884
		 a_gap 0.0251725149 b_gap 0.0251725149 Nalpha=8 Nbeta=8
DFT DBG ... 2021-10-13 14:44:4 Iter 1 of 80 Etot -223.786467 diise_a 0.705029019 diise_b 0.705029019
		 a_gap 0.111441741 b_gap 0.111441741 Nalpha=8 Nbeta=8
DFT DBG ... 2021-10-13 14:44:4 Iter 2 of 80 Etot -229.130037 diise_a 0.47084422 diise_b 0.47084422
		 a_gap 0.124269027 b_gap 0.124269027 Nalpha=8 Nbeta=8
DFT DBG ... 2021-10-13 14:44:4 Iter 3 of 80 Etot -231.986855 diise_a 0.31489075 diise_b 0.31489075
		 a_gap 0.131530002 b_gap 0.131530002 Nalpha=8 Nbeta=8
DFT DBG ... 2021-10-13 14:44:4 Iter 4 of 80 Etot -233.517473 diise_a 0.212036946 diise_b 0.212036946
		 a_gap 0.13565976 b_gap 0.13565976 Nalpha=8 Nbeta=8
DFT DBG ... 2021-10-13 14:44:4 Iter 5 of 80 Etot -234.363888 diise_a 0.143788253 diise_b 0.143788253
		 a_gap 0.138262827 b_gap 0.138262827 Nalpha=8 Nbeta=8
DFT DBG ... 2021-10-13 14:44:4 Iter 6 of 80 Etot -234.848631 diise_a 0.0981018592 diise_b 0.0981018592
		 a_gap 0.140011519 b_gap 0.140011519 Nalpha=8 Nbeta=8
DFT DBG ... 2021-10-13 14:44:4 Iter 7 of 80 Etot -235.135351 diise_a 0.0672658744 diise_b 0.0672658744
		 a_gap 0.141217914 b_gap 0.141217914 Nalpha=8 Nbeta=8
DFT DBG ... 2021-10-13 14:44:4 Iter 8 of 80 Etot -235.309889 diise_a 0.0463073387 diise_b 0.0463073387
		 a_gap 0.14205858 b_gap 0.14205858 Nalpha=8 Nbeta=8
DFT DBG ... 2021-10-13 14:44:4 Iter 9 of 80 Etot -235.41886 diise_a 0.0319808279 diise_b 0.0319808279
		 a_gap 0.142646578 b_gap 0.142646578 Nalpha=8 Nbeta=8
DFT DBG ... 2021-10-13 14:44:4 Iter 10 of 80 Etot -235.488405 diise_a 0.0221428095 diise_b 0.0221428095
		 a_gap 0.143058412 b_gap 0.143058412 Nalpha=8 Nbeta=8
DFT DBG ... 2021-10-13 14:44:5 Iter 11 of 80 Etot -235.53362 diise_a 0.0153623839 diise_b 0.0153623839
		 a_gap 0.143347 b_gap 0.143347 Nalpha=8 Nbeta=8
DFT DBG ... 2021-10-13 14:44:5 Iter 12 of 80 Etot -235.563472 diise_a 0.0106757309 diise_b 0.0106757309
		 a_gap 0.143549258 b_gap 0.143549258 Nalpha=8 Nbeta=8
DFT DBG ... 2021-10-13 14:44:5 Iter 13 of 80 Etot -235.583428 diise_a 0.00742882673 diise_b 0.00742882673
		 a_gap 0.143691016 b_gap 0.143691016 Nalpha=8 Nbeta=8
DFT DBG ... 2021-10-13 14:44:5 Iter 14 of 80 Etot -235.596899 diise_a 0.00517521314 diise_b 0.00517521314
		 a_gap 0.143790372 b_gap 0.143790372 Nalpha=8 Nbeta=8
DFT DBG ... 2021-10-13 14:44:5 Iter 15 of 80 Etot -235.606064 diise_a 0.00360867227 diise_b 0.00360867227
		 a_gap 0.143860009 b_gap 0.143860009 Nalpha=8 Nbeta=8
DFT DBG ... 2021-10-13 14:44:5 Iter 16 of 80 Etot -235.612336 diise_a 0.00251838297 diise_b 0.00251838297
		 a_gap 0.143908817 b_gap 0.143908817 Nalpha=8 Nbeta=8
DFT DBG ... 2021-10-13 14:44:5 Iter 17 of 80 Etot -235.616647 diise_a 0.00175876894 diise_b 0.00175876894
		 a_gap 0.143943027 b_gap 0.143943027 Nalpha=8 Nbeta=8
DFT DBG ... 2021-10-13 14:44:5 Iter 18 of 80 Etot -235.61962 diise_a 0.00122906877 diise_b 0.00122906877
		 a_gap 0.143967005 b_gap 0.143967005 Nalpha=8 Nbeta=8
DFT DBG ... 2021-10-13 14:44:5 Iter 19 of 80 Etot -235.621677 diise_a 0.000859407561 diise_b 0.000859407561
		 a_gap 0.143983812 b_gap 0.143983812 Nalpha=8 Nbeta=8
DFT DBG ... 2021-10-13 14:44:5 Iter 20 of 80 Etot -235.623102 diise_a 0.00060125473 diise_b 0.00060125473
		 a_gap 0.143995594 b_gap 0.143995594 Nalpha=8 Nbeta=8
DFT DBG ... 2021-10-13 14:44:5 Iter 21 of 80 Etot -235.624091 diise_a 0.000420861324 diise_b 0.000420861324
		 a_gap 0.144003852 b_gap 0.144003852 Nalpha=8 Nbeta=8
DFT DBG ... 2021-10-13 14:44:5 Iter 22 of 80 Etot -235.624778 diise_a 0.000294732832 diise_b 0.000294732832
		 a_gap 0.144009642 b_gap 0.144009642 Nalpha=8 Nbeta=8
DFT DBG ... 2021-10-13 14:44:5 Iter 23 of 80 Etot -235.625255 diise_a 0.000206498544 diise_b 0.000206498544
		 a_gap 0.144013701 b_gap 0.144013701 Nalpha=8 Nbeta=8
DFT DBG ... 2021-10-13 14:44:5 Iter 24 of 80 Etot -235.625587 diise_a 0.000144742485 diise_b 0.000144742485
		 a_gap 0.144016547 b_gap 0.144016547 Nalpha=8 Nbeta=8
DFT DBG ... 2021-10-13 14:44:5 Iter 25 of 80 Etot -235.625819 diise_a 0.000101498199 diise_b 0.000101498199
		 a_gap 0.144018542 b_gap 0.144018542 Nalpha=8 Nbeta=8
DFT DBG ... 2021-10-13 14:44:5 Iter 26 of 80 Etot -235.62598 diise_a 7.1202869e-05 diise_b 7.1202869e-05
		 a_gap 0.144019941 b_gap 0.144019941 Nalpha=8 Nbeta=8
DFT DBG ... 2021-10-13 14:44:5 Iter 27 of 80 Etot -235.626092 diise_a 4.99698061e-05 diise_b 4.99698061e-05
		 a_gap 0.144020922 b_gap 0.144020922 Nalpha=8 Nbeta=8
DFT DBG ... 2021-10-13 14:44:5 Iter 28 of 80 Etot -235.62617 diise_a 3.50819283e-05 diise_b 3.50819283e-05
		 a_gap 0.14402161 b_gap 0.14402161 Nalpha=8 Nbeta=8
DFT DBG ... 2021-10-13 14:44:5 Iter 29 of 80 Etot -235.626225 diise_a 2.46388137e-05 diise_b 2.46388137e-05
		 a_gap 0.144022093 b_gap 0.144022093 Nalpha=8 Nbeta=8
DFT DBG ... 2021-10-13 14:44:5 Iter 30 of 80 Etot -235.626263 diise_a 1.73105885e-05 diise_b 1.73105885e-05
		 a_gap 0.144022431 b_gap 0.144022431 Nalpha=8 Nbeta=8
DFT DBG ... 2021-10-13 14:44:5 Iter 31 of 80 Etot -235.626289 diise_a 1.21661987e-05 diise_b 1.21661987e-05
		 a_gap 0.144022669 b_gap 0.144022669 Nalpha=8 Nbeta=8
DFT DBG ... 2021-10-13 14:44:5 Iter 32 of 80 Etot -235.626307 diise_a 8.55351201e-06 diise_b 8.55351201e-06
		 a_gap 0.144022835 b_gap 0.144022835 Nalpha=8 Nbeta=8
DFT DBG ... 2021-10-13 14:44:5 Iter 33 of 80 Etot -235.62632 diise_a 6.01556034e-06 diise_b 6.01556034e-06
		 a_gap 0.144022952 b_gap 0.144022952 Nalpha=8 Nbeta=8
DFT DBG ... 2021-10-13 14:44:5 Iter 34 of 80 Etot -235.626329 diise_a 4.23199749e-06 diise_b 4.23199749e-06
		 a_gap 0.144023034 b_gap 0.144023034 Nalpha=8 Nbeta=8
DFT DBG ... 2021-10-13 14:44:5 Iter 35 of 80 Etot -235.626336 diise_a 2.97816065e-06 diise_b 2.97816065e-06
		 a_gap 0.144023091 b_gap 0.144023091 Nalpha=8 Nbeta=8
DFT DBG ... 2021-10-13 14:44:5 Iter 36 of 80 Etot -235.62634 diise_a 2.09642833e-06 diise_b 2.09642833e-06
		 a_gap 0.144023132 b_gap 0.144023132 Nalpha=8 Nbeta=8
DFT DBG ... 2021-10-13 14:44:5 Iter 37 of 80 Etot -235.626343 diise_a 1.47617186e-06 diise_b 1.47617187e-06
		 a_gap 0.14402316 b_gap 0.14402316 Nalpha=8 Nbeta=8
DFT DBG ... 2021-10-13 14:44:5 Iter 38 of 80 Etot -235.626345 diise_a 1.03971596e-06 diise_b 1.03971596e-06
		 a_gap 0.14402318 b_gap 0.14402318 Nalpha=8 Nbeta=8
DFT DBG ... 2021-10-13 14:44:5 Iter 39 of 80 Etot -235.626347 diise_a 7.32502827e-07 diise_b 7.32502831e-07
		 a_gap 0.144023194 b_gap 0.144023194 Nalpha=8 Nbeta=8
DFT DBG ... 2021-10-13 14:44:5 Iter 40 of 80 Etot -235.626348 diise_a 5.16198439e-07 diise_b 5.1619844e-07
		 a_gap 0.144023204 b_gap 0.144023204 Nalpha=8 Nbeta=8
DFT DBG ... 2021-10-13 14:44:5 Iter 41 of 80 Etot -235.626348 diise_a 3.63858776e-07 diise_b 3.63858781e-07
		 a_gap 0.144023211 b_gap 0.144023211 Nalpha=8 Nbeta=8
DFT DBG ... 2021-10-13 14:44:5 Iter 42 of 80 Etot -235.626349 diise_a 2.56539289e-07 diise_b 2.56539293e-07
		 a_gap 0.144023215 b_gap 0.144023215 Nalpha=8 Nbeta=8
DFT DBG ... 2021-10-13 14:44:5 Iter 43 of 80 Etot -235.626349 diise_a 1.80915509e-07 diise_b 1.80915518e-07
		 a_gap 0.144023219 b_gap 0.144023219 Nalpha=8 Nbeta=8
DFT DBG ... 2021-10-13 14:44:5 Iter 44 of 80 Etot -235.626349 diise_a 1.27612951e-07 diise_b 1.27612956e-07
		 a_gap 0.144023221 b_gap 0.144023221 Nalpha=8 Nbeta=8
DFT DBG ... 2021-10-13 14:44:5 Iter 45 of 80 Etot -235.62635 diise_a 9.00340368e-08 diise_b 9.0034053e-08
		 a_gap 0.144023223 b_gap 0.144023223 Nalpha=8 Nbeta=8
DFT INF ... 2021-10-13 14:44:5 Converged after 46 iterations
DFT INF ... 2021-10-13 14:44:5 Atomic density Matrix for S gives N=16 electrons.
DFT ERR ... 2021-10-13 14:44:5 Calculating atom density for H
DFT INF ... 2021-10-13 14:44:6 Filled DFT Vxc matrix 
DFT INF ... 2021-10-13 14:44:6 Guess Matrix gives N=44 electrons.
DFT ERR ... 2021-10-13 14:44:6 STARTING SCF cycle
DFT ERR ...  --------------------------------------------------------------------------
DFT ERR ... 
DFT ERR ... 2021-10-13 14:44:6 Iteration 1 of 100
DFT INF ... 2021-10-13 14:44:6 Filled DFT Vxc matrix 
DFT INF ... 2021-10-13 14:44:6 Filled F+K matrix 
DFT INF ... 2021-10-13 14:44:6 Single particle energy -1168.568403
DFT INF ... 2021-10-13 14:44:6 Two particle energy 412.218921772
DFT INF ... 2021-10-13 14:44:6 Local Exc contribution -37.1278889054
DFT INF ... 2021-10-13 14:44:6 Non local Ex contribution -11.6714065583
DFT ERR ... 2021-10-13 14:44:6 Total Energy -550.081106366
DFT ERR ... 2021-10-13 14:44:6 DIIs error 0.200293551263
DFT ERR ... 2021-10-13 14:44:6 Delta Etot 0
DFT WAR ... 2021-10-13 14:44:6 Using Mixing with alpha=0.7
DFT INF ...   Orbital energies: 
DFT INF ...   index occupation energy(Hartree) 
DFT INF ...      0      2   -88.7736073232
DFT INF ...      1      2   -10.0135730558
DFT INF ...      2      2   -9.9497442495
DFT INF ...      3      2   -9.8712685915
DFT INF ...      4      2   -9.8608236153
DFT INF ...      5      2   -7.8680478796
DFT INF ...      6      2   -5.7723161330
DFT INF ...      7      2   -5.7665680527
DFT INF ...      8      2   -5.7626487980
DFT INF ...      9      2   -0.8371267854
DFT INF ...     10      2   -0.6489360128
DFT INF ...     11      2   -0.6402840097
DFT INF ...     12      2   -0.4992530783
DFT INF ...     13      2   -0.4793342291
DFT INF ...     14      2   -0.4406783293
DFT INF ...     15      2   -0.3563858643
DFT INF ...     16      2   -0.3306171170
DFT INF ...     17      2   -0.3019596726
DFT INF ...     18      2   -0.2832236922
DFT INF ...     19      2   -0.2626838862
DFT INF ...     20      2   -0.1641133617
DFT INF ...     21      2   -0.1415044233
DFT INF ...     22      0   +0.0991062319
DFT INF ...     23      0   +0.1358919018
DFT INF ...     24      0   +0.1715932778
DFT INF ...     25      0   +0.2067212226
DFT INF ...     26      0   +0.2087072224
DFT INF ...     27      0   +0.2312151625
DFT INF ...     28      0   +0.2753488410
DFT INF ...     29      0   +0.2811460323
DFT INF ...     30      0   +0.3830952760
DFT INF ...     31      0   +0.4554938231
DFT INF ...     32      0   +0.4925999476
DFT INF ...     33      0   +0.5641186672
DFT INF ...     34      0   +0.5642848596
DFT INF ...     35      0   +0.6108223546
DFT INF ...     36      0   +0.6371746601
DFT INF ...     37      0   +0.7986098691
DFT INF ...     38      0   +0.8119022158
DFT INF ...     39      0   +0.8646710692
DFT INF ...     40      0   +0.8801108839
DFT INF ...     41      0   +0.8918702548
DFT INF ...     42      0   +0.9378929944
DFT INF ...     43      0   +0.9627118475
DFT INF ...     44      0   +0.9992656971
DFT INF ...     45      0   +1.0722349435
DFT INF ...     46      0   +1.1214803671
DFT INF ...     47      0   +1.1618325332
DFT INF ...     48      0   +1.1946306072
DFT INF ...     49      0   +1.2045567142
DFT INF ...     50      0   +1.3513351398
DFT INF ...     51      0   +1.4480537562
DFT INF ...     52      0   +1.4788526093
DFT INF ...     53      0   +1.5464512212
DFT INF ...     54      0   +1.7364492359
DFT INF ...     55      0   +1.9815183368
DFT INF ...     56      0   +2.1021777908
DFT INF ... 		GAP 0.240610655249
DFT ERR ... 
DFT ERR ... 2021-10-13 14:44:6 Iteration 2 of 100
DFT INF ... 2021-10-13 14:44:6 Filled DFT Vxc matrix 
DFT INF ... 2021-10-13 14:44:6 Filled F+K matrix 
DFT INF ... 2021-10-13 14:44:6 Single particle energy -1165.52518221
DFT INF ... 2021-10-13 14:44:6 Two particle energy 409.111353036
DFT INF ... 2021-10-13 14:44:6 Local Exc contribution -36.924844632
DFT INF ... 2021-10-13 14:44:6 Non local Ex contribution -11.6021413393
DFT ERR ... 2021-10-13 14:44:6 Total Energy -550.145454312
DFT ERR ... 2021-10-13 14:44:6 DIIs error 0.126083256042
DFT ERR ... 2021-10-13 14:44:6 Delta Etot -0.0643479463138
DFT WAR ... 2021-10-13 14:44:6 Using Mixing with alpha=0.7
DFT INF ...   Orbital energies: 
DFT INF ...   index occupation energy(Hartree) 
DFT INF ...      0      2   -88.8283821615
DFT INF ...      1      2   -10.1033488373
DFT INF ...      2      2   -10.0924742159
DFT INF ...      3      2   -10.0634604408
DFT INF ...      4      2   -10.0605473680
DFT INF ...      5      2   -7.9001374862
DFT INF ...      6      2   -5.8058736418
DFT INF ...      7      2   -5.8008247911
DFT INF ...      8      2   -5.7959546257
DFT INF ...      9      2   -0.8939121543
DFT INF ...     10      2   -0.7204101083
DFT INF ...     11      2   -0.7067774212
DFT INF ...     12      2   -0.5413020898
DFT INF ...     13      2   -0.5403165975
DFT INF ...     14      2   -0.4998943604
DFT INF ...     15      2   -0.3946168482
DFT INF ...     16      2   -0.3699427202
DFT INF ...     17      2   -0.3688650610
DFT INF ...     18      2   -0.3575412010
DFT INF ...     19      2   -0.3193320479
DFT INF ...     20      2   -0.2252165331
DFT INF ...     21      2   -0.2045591769
DFT INF ...     22      0   +0.0464642545
DFT INF ...     23      0   +0.1151097411
DFT INF ...     24      0   +0.1319824954
DFT INF ...     25      0   +0.1490856555
DFT INF ...     26      0   +0.1751842069
DFT INF ...     27      0   +0.2073584161
DFT INF ...     28      0   +0.2359813078
DFT INF ...     29      0   +0.2467545093
DFT INF ...     30      0   +0.3344341400
DFT INF ...     31      0   +0.4040619222
DFT INF ...     32      0   +0.4810229093
DFT INF ...     33      0   +0.5178408298
DFT INF ...     34      0   +0.5568668883
DFT INF ...     35      0   +0.5821085325
DFT INF ...     36      0   +0.6020874575
DFT INF ...     37      0   +0.7408781382
DFT INF ...     38      0   +0.7707507068
DFT INF ...     39      0   +0.8008531186
DFT INF ...     40      0   +0.8042689669
DFT INF ...     41      0   +0.8298049558
DFT INF ...     42      0   +0.8669367595
DFT INF ...     43      0   +0.8848905082
DFT INF ...     44      0   +0.9067477596
DFT INF ...     45      0   +1.0408298045
DFT INF ...     46      0   +1.0712945929
DFT INF ...     47      0   +1.0773277125
DFT INF ...     48      0   +1.1212911318
DFT INF ...     49      0   +1.1223173726
DFT INF ...     50      0   +1.3025872656
DFT INF ...     51      0   +1.3948209684
DFT INF ...     52      0   +1.4331162030
DFT INF ...     53      0   +1.4771583200
DFT INF ...     54      0   +1.6724809122
DFT INF ...     55      0   +1.9114853262
DFT INF ...     56      0   +2.0223245058
DFT INF ... 		GAP 0.251023431393
DFT ERR ... 
DFT ERR ... 2021-10-13 14:44:6 Iteration 3 of 100
DFT INF ... 2021-10-13 14:44:6 Filled DFT Vxc matrix 
DFT INF ... 2021-10-13 14:44:6 Filled F+K matrix 
DFT INF ... 2021-10-13 14:44:6 Single particle energy -1164.05003396
DFT INF ... 2021-10-13 14:44:6 Two particle energy 407.603114341
DFT INF ... 2021-10-13 14:44:6 Local Exc contribution -36.8272838692
DFT INF ... 2021-10-13 14:44:6 Non local Ex contribution -11.5735470008
DFT ERR ... 2021-10-13 14:44:6 Total Energy -550.178544753
DFT ERR ... 2021-10-13 14:44:6 DIIs error 0.0837811607169
DFT ERR ... 2021-10-13 14:44:6 Delta Etot -0.03309044052
DFT WAR ... 2021-10-13 14:44:6 Using ADIIS for next guess
DFT INF ...   Orbital energies: 
DFT INF ...   index occupation energy(Hartree) 
DFT INF ...      0      2   -88.8839697553
DFT INF ...      1      2   -10.1550148780
DFT INF ...      2      2   -10.1530100678
DFT INF ...      3      2   -10.1304963008
DFT INF ...      4      2   -10.1291750628
DFT INF ...      5      2   -7.9372248163
DFT INF ...      6      2   -5.8442782024
DFT INF ...      7      2   -5.8394380634
DFT INF ...      8      2   -5.8343813097
DFT INF ...      9      2   -0.9241865469
DFT INF ...     10      2   -0.7503014586
DFT INF ...     11      2   -0.7348855760
DFT INF ...     12      2   -0.5636458701
DFT INF ...     13      2   -0.5628452081
DFT INF ...     14      2   -0.5235346802
DFT INF ...     15      2   -0.4165774878
DFT INF ...     16      2   -0.3925938726
DFT INF ...     17      2   -0.3921767912
DFT INF ...     18      2   -0.3882241339
DFT INF ...     19      2   -0.3381912577
DFT INF ...     20      2   -0.2484826003
DFT INF ...     21      2   -0.2309763916
DFT INF ...     22      0   +0.0237598399
DFT INF ...     23      0   +0.1000012950
DFT INF ...     24      0   +0.1047643316
DFT INF ...     25      0   +0.1389598553
DFT INF ...     26      0   +0.1599537422
DFT INF ...     27      0   +0.1969795043
DFT INF ...     28      0   +0.2232970729
DFT INF ...     29      0   +0.2346798672
DFT INF ...     30      0   +0.3148688015
DFT INF ...     31      0   +0.3840188943
DFT INF ...     32      0   +0.4683705839
DFT INF ...     33      0   +0.4966933536
DFT INF ...     34      0   +0.5455530741
DFT INF ...     35      0   +0.5653585164
DFT INF ...     36      0   +0.5841681957
DFT INF ...     37      0   +0.7167634245
DFT INF ...     38      0   +0.7553142305
DFT INF ...     39      0   +0.7724638963
DFT INF ...     40      0   +0.7777164395
DFT INF ...     41      0   +0.8050067653
DFT INF ...     42      0   +0.8393663473
DFT INF ...     43      0   +0.8580751498
DFT INF ...     44      0   +0.8773917781
DFT INF ...     45      0   +1.0227278789
DFT INF ...     46      0   +1.0424138367
DFT INF ...     47      0   +1.0584210140
DFT INF ...     48      0   +1.0948231942
DFT INF ...     49      0   +1.0977844029
DFT INF ...     50      0   +1.2851103637
DFT INF ...     51      0   +1.3762583997
DFT INF ...     52      0   +1.4190364714
DFT INF ...     53      0   +1.4525639265
DFT INF ...     54      0   +1.6454516962
DFT INF ...     55      0   +1.8843102956
DFT INF ...     56      0   +1.9945445031
DFT INF ... 		GAP 0.254736231534
DFT ERR ... 
DFT ERR ... 2021-10-13 14:44:6 Iteration 4 of 100
DFT INF ... 2021-10-13 14:44:6 Filled DFT Vxc matrix 
DFT INF ... 2021-10-13 14:44:6 Filled F+K matrix 
DFT INF ... 2021-10-13 14:44:6 Single particle energy -1161.64726421
DFT INF ... 2021-10-13 14:44:6 Two particle energy 405.134748042
DFT INF ... 2021-10-13 14:44:6 Local Exc contribution -36.6617441335
DFT INF ... 2021-10-13 14:44:6 Non local Ex contribution -11.5295761499
DFT ERR ... 2021-10-13 14:44:6 Total Energy -550.244141306
DFT ERR ... 2021-10-13 14:44:6 DIIs error 0.0171211671841
DFT ERR ... 2021-10-13 14:44:6 Delta Etot -0.0655965529604
DFT WAR ... 2021-10-13 14:44:6 Using ADIIS for next guess
DFT INF ...   Orbital energies: 
DFT INF ...   index occupation energy(Hartree) 
DFT INF ...      0      2   -89.0068463657
DFT INF ...      1      2   -10.2418477547
DFT INF ...      2      2   -10.2389142399
DFT INF ...      3      2   -10.2213659295
DFT INF ...      4      2   -10.2198117620
DFT INF ...      5      2   -8.0188544898
DFT INF ...      6      2   -5.9289835955
DFT INF ...      7      2   -5.9243436673
DFT INF ...      8      2   -5.9192636682
DFT INF ...      9      2   -0.9701324491
DFT INF ...     10      2   -0.7929741233
DFT INF ...     11      2   -0.7764893701
DFT INF ...     12      2   -0.5979116957
DFT INF ...     13      2   -0.5970278290
DFT INF ...     14      2   -0.5561216014
DFT INF ...     15      2   -0.4499323252
DFT INF ...     16      2   -0.4276651247
DFT INF ...     17      2   -0.4274673029
DFT INF ...     18      2   -0.4247297404
DFT INF ...     19      2   -0.3723543313
DFT INF ...     20      2   -0.2829347068
DFT INF ...     21      2   -0.2685276563
DFT INF ...     22      0   -0.0104505152
DFT INF ...     23      0   +0.0687499521
DFT INF ...     24      0   +0.0721511743
DFT INF ...     25      0   +0.1252302182
DFT INF ...     26      0   +0.1344697326
DFT INF ...     27      0   +0.1819607317
DFT INF ...     28      0   +0.2081325157
DFT INF ...     29      0   +0.2180488117
DFT INF ...     30      0   +0.2871463111
DFT INF ...     31      0   +0.3567591585
DFT INF ...     32      0   +0.4436424707
DFT INF ...     33      0   +0.4648044030
DFT INF ...     34      0   +0.5216496060
DFT INF ...     35      0   +0.5353214607
DFT INF ...     36      0   +0.5531091688
DFT INF ...     37      0   +0.6834205134
DFT INF ...     38      0   +0.7329861613
DFT INF ...     39      0   +0.7348953764
DFT INF ...     40      0   +0.7427797358
DFT INF ...     41      0   +0.7692008977
DFT INF ...     42      0   +0.8011996364
DFT INF ...     43      0   +0.8219195375
DFT INF ...     44      0   +0.8408694341
DFT INF ...     45      0   +0.9931480109
DFT INF ...     46      0   +1.0068606086
DFT INF ...     47      0   +1.0317569748
DFT INF ...     48      0   +1.0621641009
DFT INF ...     49      0   +1.0665181911
DFT INF ...     50      0   +1.2618071697
DFT INF ...     51      0   +1.3519048200
DFT INF ...     52      0   +1.4015949665
DFT INF ...     53      0   +1.4207303935
DFT INF ...     54      0   +1.6075072032
DFT INF ...     55      0   +1.8468970249
DFT INF ...     56      0   +1.9582834189
DFT INF ... 		GAP 0.258077141181
DFT ERR ... 
DFT ERR ... 2021-10-13 14:44:6 Iteration 5 of 100
DFT INF ... 2021-10-13 14:44:6 Filled DFT Vxc matrix 
DFT INF ... 2021-10-13 14:44:6 Filled F+K matrix 
DFT INF ... 2021-10-13 14:44:6 Single particle energy -1163.28590953
DFT INF ... 2021-10-13 14:44:6 Two particle energy 406.772564984
DFT INF ... 2021-10-13 14:44:6 Local Exc contribution -36.7486018399
DFT INF ... 2021-10-13 14:44:6 Non local Ex contribution -11.5550608619
DFT ERR ... 2021-10-13 14:44:6 Total Energy -550.244969687
DFT ERR ... 2021-10-13 14:44:6 DIIs error 0.0142894995687
DFT ERR ... 2021-10-13 14:44:6 Delta Etot -0.000828380794246
DFT WAR ... 2021-10-13 14:44:6 Using ADIIS for next guess
DFT INF ...   Orbital energies: 
DFT INF ...   index occupation energy(Hartree) 
DFT INF ...      0      2   -88.9817062607
DFT INF ...      1      2   -10.2025904620
DFT INF ...      2      2   -10.2006596068
DFT INF ...      3      2   -10.1771559630
DFT INF ...      4      2   -10.1759376312
DFT INF ...      5      2   -7.9992550119
DFT INF ...      6      2   -5.9091038486
DFT INF ...      7      2   -5.9042555550
DFT INF ...      8      2   -5.8993563480
DFT INF ...      9      2   -0.9471608658
DFT INF ...     10      2   -0.7719310461
DFT INF ...     11      2   -0.7554488667
DFT INF ...     12      2   -0.5815551851
DFT INF ...     13      2   -0.5806646711
DFT INF ...     14      2   -0.5403093945
DFT INF ...     15      2   -0.4340109921
DFT INF ...     16      2   -0.4108448045
DFT INF ...     17      2   -0.4097466525
DFT INF ...     18      2   -0.4075250369
DFT INF ...     19      2   -0.3601197540
DFT INF ...     20      2   -0.2671865378
DFT INF ...     21      2   -0.2492515017
DFT INF ...     22      0   +0.0060030834
DFT INF ...     23      0   +0.0833395700
DFT INF ...     24      0   +0.0881378201
DFT INF ...     25      0   +0.1322020123
DFT INF ...     26      0   +0.1459881325
DFT INF ...     27      0   +0.1890435120
DFT INF ...     28      0   +0.2167423209
DFT INF ...     29      0   +0.2260378552
DFT INF ...     30      0   +0.3013689255
DFT INF ...     31      0   +0.3707521702
DFT INF ...     32      0   +0.4529987681
DFT INF ...     33      0   +0.4800731225
DFT INF ...     34      0   +0.5293351304
DFT INF ...     35      0   +0.5458704652
DFT INF ...     36      0   +0.5651440382
DFT INF ...     37      0   +0.6998223959
DFT INF ...     38      0   +0.7447830830
DFT INF ...     39      0   +0.7547333363
DFT INF ...     40      0   +0.7609280217
DFT INF ...     41      0   +0.7869832225
DFT INF ...     42      0   +0.8202834710
DFT INF ...     43      0   +0.8403591119
DFT INF ...     44      0   +0.8602967631
DFT INF ...     45      0   +1.0068270166
DFT INF ...     46      0   +1.0250198193
DFT INF ...     47      0   +1.0440206461
DFT INF ...     48      0   +1.0791953579
DFT INF ...     49      0   +1.0813047522
DFT INF ...     50      0   +1.2730468326
DFT INF ...     51      0   +1.3642209012
DFT INF ...     52      0   +1.4104777051
DFT INF ...     53      0   +1.4373154954
DFT INF ...     54      0   +1.6273249522
DFT INF ...     55      0   +1.8664216054
DFT INF ...     56      0   +1.9776205987
DFT INF ... 		GAP 0.255254585136
DFT ERR ... 
DFT ERR ... 2021-10-13 14:44:6 Iteration 6 of 100
DFT INF ... 2021-10-13 14:44:6 Filled DFT Vxc matrix 
DFT INF ... 2021-10-13 14:44:6 Filled F+K matrix 
DFT INF ... 2021-10-13 14:44:6 Single particle energy -1162.6102965
DFT INF ... 2021-10-13 14:44:6 Two particle energy 406.094843161
DFT INF ... 2021-10-13 14:44:6 Local Exc contribution -36.7109258382
DFT INF ... 2021-10-13 14:44:6 Non local Ex contribution -11.5442830572
DFT ERR ... 2021-10-13 14:44:6 Total Energy -550.247078472
DFT ERR ... 2021-10-13 14:44:6 DIIs error 0.00345139253224
DFT ERR ... 2021-10-13 14:44:6 Delta Etot -0.00210878554253
DFT WAR ... 2021-10-13 14:44:6 Using ADIIS for next guess
DFT INF ...   Orbital energies: 
DFT INF ...   index occupation energy(Hartree) 
DFT INF ...      0      2   -88.9632328398
DFT INF ...      1      2   -10.2098790889
DFT INF ...      2      2   -10.2063378003
DFT INF ...      3      2   -10.1916632855
DFT INF ...      4      2   -10.1903482154
DFT INF ...      5      2   -7.9849920273
DFT INF ...      6      2   -5.8945499531
DFT INF ...      7      2   -5.8897319737
DFT INF ...      8      2   -5.8846550937
DFT INF ...      9      2   -0.9492850803
DFT INF ...     10      2   -0.7754057774
DFT INF ...     11      2   -0.7594455793
DFT INF ...     12      2   -0.5843925515
DFT INF ...     13      2   -0.5837887908
DFT INF ...     14      2   -0.5443159905
DFT INF ...     15      2   -0.4370351512
DFT INF ...     16      2   -0.4139221168
DFT INF ...     17      2   -0.4124629661
DFT INF ...     18      2   -0.4123429012
DFT INF ...     19      2   -0.3568292898
DFT INF ...     20      2   -0.2684407276
DFT INF ...     21      2   -0.2533753628
DFT INF ...     22      0   +0.0039966166
DFT INF ...     23      0   +0.0820883428
DFT INF ...     24      0   +0.0854121291
DFT INF ...     25      0   +0.1303505035
DFT INF ...     26      0   +0.1461719337
DFT INF ...     27      0   +0.1877263379
DFT INF ...     28      0   +0.2125906801
DFT INF ...     29      0   +0.2240742362
DFT INF ...     30      0   +0.2982998458
DFT INF ...     31      0   +0.3667973598
DFT INF ...     32      0   +0.4563544759
DFT INF ...     33      0   +0.4772130143
DFT INF ...     34      0   +0.5340961459
DFT INF ...     35      0   +0.5494754005
DFT INF ...     36      0   +0.5672628992
DFT INF ...     37      0   +0.6958813009
DFT INF ...     38      0   +0.7417832147
DFT INF ...     39      0   +0.7490961979
DFT INF ...     40      0   +0.7548482717
DFT INF ...     41      0   +0.7838606609
DFT INF ...     42      0   +0.8153210133
DFT INF ...     43      0   +0.8357978095
DFT INF ...     44      0   +0.8535850921
DFT INF ...     45      0   +1.0049578386
DFT INF ...     46      0   +1.0184995577
DFT INF ...     47      0   +1.0420929827
DFT INF ...     48      0   +1.0733027622
DFT INF ...     49      0   +1.0774545580
DFT INF ...     50      0   +1.2700367593
DFT INF ...     51      0   +1.3600609516
DFT INF ...     52      0   +1.4068708841
DFT INF ...     53      0   +1.4327098660
DFT INF ...     54      0   +1.6236427547
DFT INF ...     55      0   +1.8623574490
DFT INF ...     56      0   +1.9722342285
DFT INF ... 		GAP 0.257371979398
DFT ERR ... 
DFT ERR ... 2021-10-13 14:44:6 Iteration 7 of 100
DFT INF ... 2021-10-13 14:44:6 Filled DFT Vxc matrix 
DFT INF ... 2021-10-13 14:44:6 Filled F+K matrix 
DFT INF ... 2021-10-13 14:44:6 Single particle energy -1162.59152871
DFT INF ... 2021-10-13 14:44:6 Two particle energy 406.07626608
DFT INF ... 2021-10-13 14:44:6 Local Exc contribution -36.7140460806
DFT INF ... 2021-10-13 14:44:6 Non local Ex contribution -11.5449773965
DFT ERR ... 2021-10-13 14:44:6 Total Energy -550.246887762
DFT ERR ... 2021-10-13 14:44:6 DIIs error 0.00480615595242
DFT ERR ... 2021-10-13 14:44:6 Delta Etot 0.000190709578192
DFT WAR ... 2021-10-13 14:44:6 Using ADIIS for next guess
DFT INF ...   Orbital energies: 
DFT INF ...   index occupation energy(Hartree) 
DFT INF ...      0      2   -88.9716921464
DFT INF ...      1      2   -10.2063024869
DFT INF ...      2      2   -10.2060101649
DFT INF ...      3      2   -10.1841301517
DFT INF ...      4      2   -10.1829774218
DFT INF ...      5      2   -7.9918448011
DFT INF ...      6      2   -5.9015133630
DFT INF ...      7      2   -5.8966733356
DFT INF ...      8      2   -5.8916860332
DFT INF ...      9      2   -0.9486576303
DFT INF ...     10      2   -0.7738000033
DFT INF ...     11      2   -0.7578365492
DFT INF ...     12      2   -0.5831283627
DFT INF ...     13      2   -0.5824507083
DFT INF ...     14      2   -0.5423297359
DFT INF ...     15      2   -0.4358159485
DFT INF ...     16      2   -0.4118489525
DFT INF ...     17      2   -0.4112846626
DFT INF ...     18      2   -0.4107989932
DFT INF ...     19      2   -0.3586388490
DFT INF ...     20      2   -0.2679107284
DFT INF ...     21      2   -0.2517512109
DFT INF ...     22      0   +0.0046569056
DFT INF ...     23      0   +0.0841387023
DFT INF ...     24      0   +0.0850330107
DFT INF ...     25      0   +0.1312367232
DFT INF ...     26      0   +0.1458233684
DFT INF ...     27      0   +0.1881999818
DFT INF ...     28      0   +0.2148442124
DFT INF ...     29      0   +0.2250073168
DFT INF ...     30      0   +0.2997176876
DFT INF ...     31      0   +0.3687913504
DFT INF ...     32      0   +0.4544834494
DFT INF ...     33      0   +0.4785109114
DFT INF ...     34      0   +0.5315824381
DFT INF ...     35      0   +0.5475151319
DFT INF ...     36      0   +0.5659954748
DFT INF ...     37      0   +0.6977058073
DFT INF ...     38      0   +0.7431605312
DFT INF ...     39      0   +0.7517417185
DFT INF ...     40      0   +0.7578565115
DFT INF ...     41      0   +0.7849032816
DFT INF ...     42      0   +0.8175637133
DFT INF ...     43      0   +0.8377573975
DFT INF ...     44      0   +0.8569398878
DFT INF ...     45      0   +1.0056032739
DFT INF ...     46      0   +1.0218114369
DFT INF ...     47      0   +1.0426758998
DFT INF ...     48      0   +1.0762732414
DFT INF ...     49      0   +1.0791521476
DFT INF ...     50      0   +1.2714101767
DFT INF ...     51      0   +1.3621677292
DFT INF ...     52      0   +1.4087565213
DFT INF ...     53      0   +1.4348460959
DFT INF ...     54      0   +1.6249636444
DFT INF ...     55      0   +1.8640151537
DFT INF ...     56      0   +1.9747801999
DFT INF ... 		GAP 0.256408116458
DFT ERR ... 
DFT ERR ... 2021-10-13 14:44:6 Iteration 8 of 100
DFT INF ... 2021-10-13 14:44:7 Filled DFT Vxc matrix 
DFT INF ... 2021-10-13 14:44:7 Filled F+K matrix 
DFT INF ... 2021-10-13 14:44:7 Single particle energy -1162.61067873
DFT INF ... 2021-10-13 14:44:7 Two particle energy 406.095089457
DFT INF ... 2021-10-13 14:44:7 Local Exc contribution -36.7128337962
DFT INF ... 2021-10-13 14:44:7 Non local Ex contribution -11.5447226339
DFT ERR ... 2021-10-13 14:44:7 Total Energy -550.247214413
DFT ERR ... 2021-10-13 14:44:7 DIIs error 0.000979237455806
DFT ERR ... 2021-10-13 14:44:7 Delta Etot -0.00032665067431
DFT WAR ... 2021-10-13 14:44:7 Using DIIS for next guess
DFT INF ...   Orbital energies: 
DFT INF ...   index occupation energy(Hartree) 
DFT INF ...      0      2   -88.9735904340
DFT INF ...      1      2   -10.2048741012
DFT INF ...      2      2   -10.2047594369
DFT INF ...      3      2   -10.1828521191
DFT INF ...      4      2   -10.1817044707
DFT INF ...      5      2   -7.9932960912
DFT INF ...      6      2   -5.9029986916
DFT INF ...      7      2   -5.8981527988
DFT INF ...      8      2   -5.8931839902
DFT INF ...      9      2   -0.9482731809
DFT INF ...     10      2   -0.7734180418
DFT INF ...     11      2   -0.7572241462
DFT INF ...     12      2   -0.5827446365
DFT INF ...     13      2   -0.5819850492
DFT INF ...     14      2   -0.5418949347
DFT INF ...     15      2   -0.4353311351
DFT INF ...     16      2   -0.4115866329
DFT INF ...     17      2   -0.4109344826
DFT INF ...     18      2   -0.4101233104
DFT INF ...     19      2   -0.3589114928
DFT INF ...     20      2   -0.2677895358
DFT INF ...     21      2   -0.2511353961
DFT INF ...     22      0   +0.0050261236
DFT INF ...     23      0   +0.0840547664
DFT INF ...     24      0   +0.0856820050
DFT INF ...     25      0   +0.1314971170
DFT INF ...     26      0   +0.1459272483
DFT INF ...     27      0   +0.1884609258
DFT INF ...     28      0   +0.2152390630
DFT INF ...     29      0   +0.2252659475
DFT INF ...     30      0   +0.3000929141
DFT INF ...     31      0   +0.3692047151
DFT INF ...     32      0   +0.4542133773
DFT INF ...     33      0   +0.4788941303
DFT INF ...     34      0   +0.5311470191
DFT INF ...     35      0   +0.5472196325
DFT INF ...     36      0   +0.5658623443
DFT INF ...     37      0   +0.6981921254
DFT INF ...     38      0   +0.7435463066
DFT INF ...     39      0   +0.7523840555
DFT INF ...     40      0   +0.7585095334
DFT INF ...     41      0   +0.7854704732
DFT INF ...     42      0   +0.8181971834
DFT INF ...     43      0   +0.8383611560
DFT INF ...     44      0   +0.8576009810
DFT INF ...     45      0   +1.0059695880
DFT INF ...     46      0   +1.0224710988
DFT INF ...     47      0   +1.0430921464
DFT INF ...     48      0   +1.0768652972
DFT INF ...     49      0   +1.0796799610
DFT INF ...     50      0   +1.2718048945
DFT INF ...     51      0   +1.3626141769
DFT INF ...     52      0   +1.4091285403
DFT INF ...     53      0   +1.4353911578
DFT INF ...     54      0   +1.6255537715
DFT INF ...     55      0   +1.8645755588
DFT INF ...     56      0   +1.9753655444
DFT INF ... 		GAP 0.256161519756
DFT ERR ... 
DFT ERR ... 2021-10-13 14:44:7 Iteration 9 of 100
DFT INF ... 2021-10-13 14:44:7 Filled DFT Vxc matrix 
DFT INF ... 2021-10-13 14:44:7 Filled F+K matrix 
DFT INF ... 2021-10-13 14:44:7 Single particle energy -1162.60863538
DFT INF ... 2021-10-13 14:44:7 Two particle energy 406.093036386
DFT INF ... 2021-10-13 14:44:7 Local Exc contribution -36.7123156697
DFT INF ... 2021-10-13 14:44:7 Non local Ex contribution -11.5445977065
DFT ERR ... 2021-10-13 14:44:7 Total Energy -550.247224134
DFT ERR ... 2021-10-13 14:44:7 DIIs error 2.37731344061e-05
DFT ERR ... 2021-10-13 14:44:7 Delta Etot -9.72095222096e-06
DFT WAR ... 2021-10-13 14:44:7 Using DIIS for next guess
DFT INF ...   Orbital energies: 
DFT INF ...   index occupation energy(Hartree) 
DFT INF ...      0      2   -88.9735932520
DFT INF ...      1      2   -10.2049055701
DFT INF ...      2      2   -10.2047771518
DFT INF ...      3      2   -10.1828180055
DFT INF ...      4      2   -10.1816706428
DFT INF ...      5      2   -7.9932987173
DFT INF ...      6      2   -5.9030020742
DFT INF ...      7      2   -5.8981553465
DFT INF ...      8      2   -5.8931859915
DFT INF ...      9      2   -0.9482708460
DFT INF ...     10      2   -0.7734148519
DFT INF ...     11      2   -0.7572277192
DFT INF ...     12      2   -0.5827498322
DFT INF ...     13      2   -0.5819892457
DFT INF ...     14      2   -0.5418996665
DFT INF ...     15      2   -0.4353365241
DFT INF ...     16      2   -0.4115843623
DFT INF ...     17      2   -0.4109422575
DFT INF ...     18      2   -0.4101236074
DFT INF ...     19      2   -0.3589105087
DFT INF ...     20      2   -0.2677822326
DFT INF ...     21      2   -0.2511372121
DFT INF ...     22      0   +0.0050213829
DFT INF ...     23      0   +0.0840528973
DFT INF ...     24      0   +0.0856804341
DFT INF ...     25      0   +0.1314873765
DFT INF ...     26      0   +0.1459216990
DFT INF ...     27      0   +0.1884527548
DFT INF ...     28      0   +0.2152237350
DFT INF ...     29      0   +0.2252562369
DFT INF ...     30      0   +0.3000902130
DFT INF ...     31      0   +0.3692014650
DFT INF ...     32      0   +0.4542175464
DFT INF ...     33      0   +0.4788898485
DFT INF ...     34      0   +0.5311520318
DFT INF ...     35      0   +0.5472211829
DFT INF ...     36      0   +0.5658630832
DFT INF ...     37      0   +0.6981879576
DFT INF ...     38      0   +0.7435388261
DFT INF ...     39      0   +0.7523849423
DFT INF ...     40      0   +0.7585047992
DFT INF ...     41      0   +0.7854651562
DFT INF ...     42      0   +0.8181900909
DFT INF ...     43      0   +0.8383589525
DFT INF ...     44      0   +0.8576033130
DFT INF ...     45      0   +1.0059639044
DFT INF ...     46      0   +1.0224631197
DFT INF ...     47      0   +1.0430832169
DFT INF ...     48      0   +1.0768585759
DFT INF ...     49      0   +1.0796720139
DFT INF ...     50      0   +1.2717988654
DFT INF ...     51      0   +1.3626085571
DFT INF ...     52      0   +1.4091171395
DFT INF ...     53      0   +1.4353877400
DFT INF ...     54      0   +1.6255507383
DFT INF ...     55      0   +1.8645748838
DFT INF ...     56      0   +1.9753675215
DFT INF ... 		GAP 0.256158595005
DFT ERR ... 
DFT ERR ... 2021-10-13 14:44:7 Iteration 10 of 100
DFT INF ... 2021-10-13 14:44:7 Filled DFT Vxc matrix 
DFT INF ... 2021-10-13 14:44:7 Filled F+K matrix 
DFT INF ... 2021-10-13 14:44:7 Single particle energy -1162.60844647
DFT INF ... 2021-10-13 14:44:7 Two particle energy 406.09284747
DFT INF ... 2021-10-13 14:44:7 Local Exc contribution -36.7123109119
DFT INF ... 2021-10-13 14:44:7 Non local Ex contribution -11.5445965894
DFT ERR ... 2021-10-13 14:44:7 Total Energy -550.247224135
DFT ERR ... 2021-10-13 14:44:7 DIIs error 1.77899618109e-05
DFT ERR ... 2021-10-13 14:44:7 Delta Etot -1.11128883873e-09
DFT WAR ... 2021-10-13 14:44:7 Using DIIS for next guess
DFT INF ...   Orbital energies: 
DFT INF ...   index occupation energy(Hartree) 
DFT INF ...      0      2   -88.9735968576
DFT INF ...      1      2   -10.2048951996
DFT INF ...      2      2   -10.2047813548
DFT INF ...      3      2   -10.1828142258
DFT INF ...      4      2   -10.1816668272
DFT INF ...      5      2   -7.9933038321
DFT INF ...      6      2   -5.9030067747
DFT INF ...      7      2   -5.8981602439
DFT INF ...      8      2   -5.8931911179
DFT INF ...      9      2   -0.9482750052
DFT INF ...     10      2   -0.7734184816
DFT INF ...     11      2   -0.7572285701
DFT INF ...     12      2   -0.5827506617
DFT INF ...     13      2   -0.5819894550
DFT INF ...     14      2   -0.5419013281
DFT INF ...     15      2   -0.4353366080
DFT INF ...     16      2   -0.4115870140
DFT INF ...     17      2   -0.4109432897
DFT INF ...     18      2   -0.4101243831
DFT INF ...     19      2   -0.3589137796
DFT INF ...     20      2   -0.2677842696
DFT INF ...     21      2   -0.2511376202
DFT INF ...     22      0   +0.0050181144
DFT INF ...     23      0   +0.0840495951
DFT INF ...     24      0   +0.0856775338
DFT INF ...     25      0   +0.1314847656
DFT INF ...     26      0   +0.1459186041
DFT INF ...     27      0   +0.1884510126
DFT INF ...     28      0   +0.2152195001
DFT INF ...     29      0   +0.2252535678
DFT INF ...     30      0   +0.3000877043
DFT INF ...     31      0   +0.3691990667
DFT INF ...     32      0   +0.4542137060
DFT INF ...     33      0   +0.4788886621
DFT INF ...     34      0   +0.5311481120
DFT INF ...     35      0   +0.5472175813
DFT INF ...     36      0   +0.5658598754
DFT INF ...     37      0   +0.6981866595
DFT INF ...     38      0   +0.7435370922
DFT INF ...     39      0   +0.7523829324
DFT INF ...     40      0   +0.7585036240
DFT INF ...     41      0   +0.7854648829
DFT INF ...     42      0   +0.8181890494
DFT INF ...     43      0   +0.8383580051
DFT INF ...     44      0   +0.8576014968
DFT INF ...     45      0   +1.0059634908
DFT INF ...     46      0   +1.0224601495
DFT INF ...     47      0   +1.0430823155
DFT INF ...     48      0   +1.0768554078
DFT INF ...     49      0   +1.0796710854
DFT INF ...     50      0   +1.2717983516
DFT INF ...     51      0   +1.3626079272
DFT INF ...     52      0   +1.4091159855
DFT INF ...     53      0   +1.4353855542
DFT INF ...     54      0   +1.6255485066
DFT INF ...     55      0   +1.8645724591
DFT INF ...     56      0   +1.9753651739
DFT INF ... 		GAP 0.25615573455
DFT ERR ... 
DFT ERR ... 2021-10-13 14:44:7 Iteration 11 of 100
DFT INF ... 2021-10-13 14:44:7 Filled DFT Vxc matrix 
DFT INF ... 2021-10-13 14:44:7 Filled F+K matrix 
DFT INF ... 2021-10-13 14:44:7 Single particle energy -1162.60848346
DFT INF ... 2021-10-13 14:44:7 Two particle energy 406.092884457
DFT INF ... 2021-10-13 14:44:7 Local Exc contribution -36.7123110655
DFT INF ... 2021-10-13 14:44:7 Non local Ex contribution -11.5445965222
DFT ERR ... 2021-10-13 14:44:7 Total Energy -550.247224138
DFT ERR ... 2021-10-13 14:44:7 DIIs error 1.33604428889e-06
DFT ERR ... 2021-10-13 14:44:7 Delta Etot -2.30591012951e-09
DFT WAR ... 2021-10-13 14:44:7 Using DIIS for next guess
DFT INF ...   Orbital energies: 
DFT INF ...   index occupation energy(Hartree) 
DFT INF ...      0      2   -88.9735973389
DFT INF ...      1      2   -10.2048958069
DFT INF ...      2      2   -10.2047816836
DFT INF ...      3      2   -10.1828120202
DFT INF ...      4      2   -10.1816645739
DFT INF ...      5      2   -7.9933049407
DFT INF ...      6      2   -5.9030078718
DFT INF ...      7      2   -5.8981612983
DFT INF ...      8      2   -5.8931921166
DFT INF ...      9      2   -0.9482756322
DFT INF ...     10      2   -0.7734183780
DFT INF ...     11      2   -0.7572289736
DFT INF ...     12      2   -0.5827504489
DFT INF ...     13      2   -0.5819900612
DFT INF ...     14      2   -0.5419005848
DFT INF ...     15      2   -0.4353371422
DFT INF ...     16      2   -0.4115876006
DFT INF ...     17      2   -0.4109427013
DFT INF ...     18      2   -0.4101236956
DFT INF ...     19      2   -0.3589150388
DFT INF ...     20      2   -0.2677843095
DFT INF ...     21      2   -0.2511379734
DFT INF ...     22      0   +0.0050172997
DFT INF ...     23      0   +0.0840480871
DFT INF ...     24      0   +0.0856778794
DFT INF ...     25      0   +0.1314843385
DFT INF ...     26      0   +0.1459178915
DFT INF ...     27      0   +0.1884498692
DFT INF ...     28      0   +0.2152204880
DFT INF ...     29      0   +0.2252533303
DFT INF ...     30      0   +0.3000877597
DFT INF ...     31      0   +0.3691993872
DFT INF ...     32      0   +0.4542122779
DFT INF ...     33      0   +0.4788884453
DFT INF ...     34      0   +0.5311465745
DFT INF ...     35      0   +0.5472162347
DFT INF ...     36      0   +0.5658585995
DFT INF ...     37      0   +0.6981867575
DFT INF ...     38      0   +0.7435373534
DFT INF ...     39      0   +0.7523831067
DFT INF ...     40      0   +0.7585044640
DFT INF ...     41      0   +0.7854642481
DFT INF ...     42      0   +0.8181894779
DFT INF ...     43      0   +0.8383580201
DFT INF ...     44      0   +0.8576023158
DFT INF ...     45      0   +1.0059624124
DFT INF ...     46      0   +1.0224613377
DFT INF ...     47      0   +1.0430810101
DFT INF ...     48      0   +1.0768566055
DFT INF ...     49      0   +1.0796708379
DFT INF ...     50      0   +1.2717982660
DFT INF ...     51      0   +1.3626085059
DFT INF ...     52      0   +1.4091172581
DFT INF ...     53      0   +1.4353857225
DFT INF ...     54      0   +1.6255479399
DFT INF ...     55      0   +1.8645721868
DFT INF ...     56      0   +1.9753655034
DFT INF ... 		GAP 0.256155273169
DFT ERR ... 
DFT ERR ... 2021-10-13 14:44:7 Iteration 12 of 100
DFT INF ... 2021-10-13 14:44:7 Filled DFT Vxc matrix 
DFT INF ... 2021-10-13 14:44:7 Filled F+K matrix 
DFT INF ... 2021-10-13 14:44:7 Single particle energy -1162.60850047
DFT INF ... 2021-10-13 14:44:7 Two particle energy 406.092901471
DFT INF ... 2021-10-13 14:44:7 Local Exc contribution -36.712311041
DFT INF ... 2021-10-13 14:44:7 Non local Ex contribution -11.5445965271
DFT ERR ... 2021-10-13 14:44:7 Total Energy -550.247224138
DFT ERR ... 2021-10-13 14:44:7 DIIs error 9.75002338249e-07
DFT ERR ... 2021-10-13 14:44:7 Delta Etot -3.5129232856e-11
DFT WAR ... 2021-10-13 14:44:7 Using DIIS for next guess
DFT INF ...   Orbital energies: 
DFT INF ...   index occupation energy(Hartree) 
DFT INF ...      0      2   -88.9735975875
DFT INF ...      1      2   -10.2048957979
DFT INF ...      2      2   -10.2047818200
DFT INF ...      3      2   -10.1828119307
DFT INF ...      4      2   -10.1816645205
DFT INF ...      5      2   -7.9933052158
DFT INF ...      6      2   -5.9030081399
DFT INF ...      7      2   -5.8981615725
DFT INF ...      8      2   -5.8931923766
DFT INF ...      9      2   -0.9482758929
DFT INF ...     10      2   -0.7734186392
DFT INF ...     11      2   -0.7572290993
DFT INF ...     12      2   -0.5827505829
DFT INF ...     13      2   -0.5819901450
DFT INF ...     14      2   -0.5419007682
DFT INF ...     15      2   -0.4353372085
DFT INF ...     16      2   -0.4115877909
DFT INF ...     17      2   -0.4109428601
DFT INF ...     18      2   -0.4101238357
DFT INF ...     19      2   -0.3589152128
DFT INF ...     20      2   -0.2677844728
DFT INF ...     21      2   -0.2511381147
DFT INF ...     22      0   +0.0050171034
DFT INF ...     23      0   +0.0840479168
DFT INF ...     24      0   +0.0856776266
DFT INF ...     25      0   +0.1314841850
DFT INF ...     26      0   +0.1459177014
DFT INF ...     27      0   +0.1884497808
DFT INF ...     28      0   +0.2152201958
DFT INF ...     29      0   +0.2252531620
DFT INF ...     30      0   +0.3000875637
DFT INF ...     31      0   +0.3691991942
DFT INF ...     32      0   +0.4542121013
DFT INF ...     33      0   +0.4788883181
DFT INF ...     34      0   +0.5311464061
DFT INF ...     35      0   +0.5472160564
DFT INF ...     36      0   +0.5658584384
DFT INF ...     37      0   +0.6981866075
DFT INF ...     38      0   +0.7435372004
DFT INF ...     39      0   +0.7523829031
DFT INF ...     40      0   +0.7585042961
DFT INF ...     41      0   +0.7854641443
DFT INF ...     42      0   +0.8181893221
DFT INF ...     43      0   +0.8383578786
DFT INF ...     44      0   +0.8576021136
DFT INF ...     45      0   +1.0059623549
DFT INF ...     46      0   +1.0224611009
DFT INF ...     47      0   +1.0430809453
DFT INF ...     48      0   +1.0768563582
DFT INF ...     49      0   +1.0796707347
DFT INF ...     50      0   +1.2717981704
DFT INF ...     51      0   +1.3626084019
DFT INF ...     52      0   +1.4091170996
DFT INF ...     53      0   +1.4353855240
DFT INF ...     54      0   +1.6255477414
DFT INF ...     55      0   +1.8645719826
DFT INF ...     56      0   +1.9753652922
DFT INF ... 		GAP 0.256155218176
DFT ERR ... 
DFT ERR ... 2021-10-13 14:44:7 Iteration 13 of 100
DFT INF ... 2021-10-13 14:44:7 Filled DFT Vxc matrix 
DFT INF ... 2021-10-13 14:44:7 Filled F+K matrix 
DFT INF ... 2021-10-13 14:44:7 Single particle energy -1162.60850372
DFT INF ... 2021-10-13 14:44:7 Two particle energy 406.092904723
DFT INF ... 2021-10-13 14:44:7 Local Exc contribution -36.7123111663
DFT INF ... 2021-10-13 14:44:7 Non local Ex contribution -11.5445965625
DFT ERR ... 2021-10-13 14:44:7 Total Energy -550.247224138
DFT ERR ... 2021-10-13 14:44:7 DIIs error 2.62456092297e-07
DFT ERR ... 2021-10-13 14:44:7 Delta Etot -6.36646291241e-12
DFT WAR ... 2021-10-13 14:44:7 Using DIIS for next guess
DFT INF ...   Orbital energies: 
DFT INF ...   index occupation energy(Hartree) 
DFT INF ...      0      2   -88.9735977705
DFT INF ...      1      2   -10.2048958944
DFT INF ...      2      2   -10.2047819067
DFT INF ...      3      2   -10.1828118704
DFT INF ...      4      2   -10.1816644528
DFT INF ...      5      2   -7.9933053811
DFT INF ...      6      2   -5.9030083045
DFT INF ...      7      2   -5.8981617410
DFT INF ...      8      2   -5.8931925342
DFT INF ...      9      2   -0.9482760214
DFT INF ...     10      2   -0.7734187779
DFT INF ...     11      2   -0.7572291618
DFT INF ...     12      2   -0.5827506748
DFT INF ...     13      2   -0.5819901740
DFT INF ...     14      2   -0.5419008995
DFT INF ...     15      2   -0.4353372378
DFT INF ...     16      2   -0.4115878776
DFT INF ...     17      2   -0.4109429842
DFT INF ...     18      2   -0.4101239231
DFT INF ...     19      2   -0.3589152718
DFT INF ...     20      2   -0.2677845493
DFT INF ...     21      2   -0.2511381936
DFT INF ...     22      0   +0.0050170212
DFT INF ...     23      0   +0.0840478654
DFT INF ...     24      0   +0.0856774850
DFT INF ...     25      0   +0.1314841086
DFT INF ...     26      0   +0.1459176055
DFT INF ...     27      0   +0.1884497686
DFT INF ...     28      0   +0.2152199905
DFT INF ...     29      0   +0.2252530731
DFT INF ...     30      0   +0.3000874537
DFT INF ...     31      0   +0.3691990818
DFT INF ...     32      0   +0.4542120503
DFT INF ...     33      0   +0.4788882536
DFT INF ...     34      0   +0.5311463635
DFT INF ...     35      0   +0.5472159973
DFT INF ...     36      0   +0.5658583897
DFT INF ...     37      0   +0.6981865208
DFT INF ...     38      0   +0.7435370956
DFT INF ...     39      0   +0.7523827955
DFT INF ...     40      0   +0.7585041807
DFT INF ...     41      0   +0.7854640927
DFT INF ...     42      0   +0.8181892150
DFT INF ...     43      0   +0.8383577999
DFT INF ...     44      0   +0.8576019942
DFT INF ...     45      0   +1.0059623548
DFT INF ...     46      0   +1.0224609364
DFT INF ...     47      0   +1.0430809434
DFT INF ...     48      0   +1.0768561864
DFT INF ...     49      0   +1.0796706823
DFT INF ...     50      0   +1.2717981149
DFT INF ...     51      0   +1.3626083260
DFT INF ...     52      0   +1.4091169548
DFT INF ...     53      0   +1.4353854111
DFT INF ...     54      0   +1.6255476403
DFT INF ...     55      0   +1.8645718786
DFT INF ...     56      0   +1.9753651774
DFT INF ... 		GAP 0.256155214891
DFT ERR ... 
DFT ERR ... 2021-10-13 14:44:7 Iteration 14 of 100
DFT INF ... 2021-10-13 14:44:7 Filled DFT Vxc matrix 
DFT INF ... 2021-10-13 14:44:7 Filled F+K matrix 
DFT INF ... 2021-10-13 14:44:7 Single particle energy -1162.60850511
DFT INF ... 2021-10-13 14:44:7 Two particle energy 406.09290611
DFT INF ... 2021-10-13 14:44:7 Local Exc contribution -36.71231124
DFT INF ... 2021-10-13 14:44:7 Non local Ex contribution -11.5445965851
DFT ERR ... 2021-10-13 14:44:7 Total Energy -550.247224138
DFT ERR ... 2021-10-13 14:44:7 DIIs error 1.31338032752e-08
DFT ERR ... 2021-10-13 14:44:7 Delta Etot 9.09494701773e-13
DFT WAR ... 2021-10-13 14:44:7 Using DIIS for next guess
DFT INF ...   Orbital energies: 
DFT INF ...   index occupation energy(Hartree) 
DFT INF ...      0      2   -88.9735977611
DFT INF ...      1      2   -10.2048959025
DFT INF ...      2      2   -10.2047819153
DFT INF ...      3      2   -10.1828118659
DFT INF ...      4      2   -10.1816644485
DFT INF ...      5      2   -7.9933053794
DFT INF ...      6      2   -5.9030083021
DFT INF ...      7      2   -5.8981617392
DFT INF ...      8      2   -5.8931925316
DFT INF ...      9      2   -0.9482760232
DFT INF ...     10      2   -0.7734187732
DFT INF ...     11      2   -0.7572291664
DFT INF ...     12      2   -0.5827506760
DFT INF ...     13      2   -0.5819901802
DFT INF ...     14      2   -0.5419008969
DFT INF ...     15      2   -0.4353372470
DFT INF ...     16      2   -0.4115878764
DFT INF ...     17      2   -0.4109429828
DFT INF ...     18      2   -0.4101239218
DFT INF ...     19      2   -0.3589152699
DFT INF ...     20      2   -0.2677845422
DFT INF ...     21      2   -0.2511381970
DFT INF ...     22      0   +0.0050170220
DFT INF ...     23      0   +0.0840478627
DFT INF ...     24      0   +0.0856774891
DFT INF ...     25      0   +0.1314841029
DFT INF ...     26      0   +0.1459176025
DFT INF ...     27      0   +0.1884497582
DFT INF ...     28      0   +0.2152199954
DFT INF ...     29      0   +0.2252530713
DFT INF ...     30      0   +0.3000874570
DFT INF ...     31      0   +0.3691990842
DFT INF ...     32      0   +0.4542120496
DFT INF ...     33      0   +0.4788882522
DFT INF ...     34      0   +0.5311463645
DFT INF ...     35      0   +0.5472159980
DFT INF ...     36      0   +0.5658583874
DFT INF ...     37      0   +0.6981865219
DFT INF ...     38      0   +0.7435370934
DFT INF ...     39      0   +0.7523827997
DFT INF ...     40      0   +0.7585041828
DFT INF ...     41      0   +0.7854640892
DFT INF ...     42      0   +0.8181892163
DFT INF ...     43      0   +0.8383578018
DFT INF ...     44      0   +0.8576020002
DFT INF ...     45      0   +1.0059623457
DFT INF ...     46      0   +1.0224609396
DFT INF ...     47      0   +1.0430809296
DFT INF ...     48      0   +1.0768561906
DFT INF ...     49      0   +1.0796706761
DFT INF ...     50      0   +1.2717981115
DFT INF ...     51      0   +1.3626083256
DFT INF ...     52      0   +1.4091169572
DFT INF ...     53      0   +1.4353854130
DFT INF ...     54      0   +1.6255476382
DFT INF ...     55      0   +1.8645718802
DFT INF ...     56      0   +1.9753651819
DFT INF ... 		GAP 0.256155219024
DFT ERR ... 2021-10-13 14:44:7 Total Energy has converged to 9.09494702e-13[Ha] after 14 iterations. DIIS error is converged up to 1.31338033e-08
DFT ERR ... 2021-10-13 14:44:7 Final Single Point Energy -550.247224138 Ha
DFT ERR ... 2021-10-13 14:44:7 Final Local Exc contribution -36.71231124 Ha
DFT ERR ... 2021-10-13 14:44:7 Final Non Local Ex contribution -11.5445965851 Ha
DFT ERR ...   Orbital energies: 
DFT ERR ...   index occupation energy(Hartree) 
DFT ERR ...      0      2   -88.9735977611
DFT ERR ...      1      2   -10.2048959025
DFT ERR ...      2      2   -10.2047819153
DFT ERR ...      3      2   -10.1828118659
DFT ERR ...      4      2   -10.1816644485
DFT ERR ...      5      2   -7.9933053794
DFT ERR ...      6      2   -5.9030083021
DFT ERR ...      7      2   -5.8981617392
DFT ERR ...      8      2   -5.8931925316
DFT ERR ...      9      2   -0.9482760232
DFT ERR ...     10      2   -0.7734187732
DFT ERR ...     11      2   -0.7572291664
DFT ERR ...     12      2   -0.5827506760
DFT ERR ...     13      2   -0.5819901802
DFT ERR ...     14      2   -0.5419008969
DFT ERR ...     15      2   -0.4353372470
DFT ERR ...     16      2   -0.4115878764
DFT ERR ...     17      2   -0.4109429828
DFT ERR ...     18      2   -0.4101239218
DFT ERR ...     19      2   -0.3589152699
DFT ERR ...     20      2   -0.2677845422
DFT ERR ...     21      2   -0.2511381970
DFT ERR ...     22      0   +0.0050170220
DFT ERR ...     23      0   +0.0840478627
DFT ERR ...     24      0   +0.0856774891
DFT ERR ...     25      0   +0.1314841029
DFT ERR ...     26      0   +0.1459176025
DFT ERR ...     27      0   +0.1884497582
DFT ERR ...     28      0   +0.2152199954
DFT ERR ...     29      0   +0.2252530713
DFT ERR ...     30      0   +0.3000874570
DFT ERR ...     31      0   +0.3691990842
DFT ERR ...     32      0   +0.4542120496
DFT ERR ...     33      0   +0.4788882522
DFT ERR ...     34      0   +0.5311463645
DFT ERR ...     35      0   +0.5472159980
DFT ERR ...     36      0   +0.5658583874
DFT ERR ...     37      0   +0.6981865219
DFT ERR ...     38      0   +0.7435370934
DFT ERR ...     39      0   +0.7523827997
DFT ERR ...     40      0   +0.7585041828
DFT ERR ...     41      0   +0.7854640892
DFT ERR ...     42      0   +0.8181892163
DFT ERR ...     43      0   +0.8383578018
DFT ERR ...     44      0   +0.8576020002
DFT ERR ...     45      0   +1.0059623457
DFT ERR ...     46      0   +1.0224609396
DFT ERR ...     47      0   +1.0430809296
DFT ERR ...     48      0   +1.0768561906
DFT ERR ...     49      0   +1.0796706761
DFT ERR ...     50      0   +1.2717981115
DFT ERR ...     51      0   +1.3626083256
DFT ERR ...     52      0   +1.4091169572
DFT ERR ...     53      0   +1.4353854130
DFT ERR ...     54      0   +1.6255476382
DFT ERR ...     55      0   +1.8645718802
DFT ERR ...     56      0   +1.9753651819
DFT ERR ... 2021-10-13 14:44:7 Electric Dipole is[e*bohr]:
		 dx=-0.198030582287
		 dy=0.0453257753553
		 dz=-0.0833288883993
DFT ERR ... Writing result to temp.orb
DFT ERR ... 2021-10-13 14:44:7 DFT calculation took 4.670010489 seconds.
DFT ERR ... QM energy[Hrt]: -550.24722414 
