# EANALYZE: DISTANCE[nm] SPATIAL SITE-ENERGY CORRELATION[eV] 
#  # AVG 8.7138785 STD 0.0038400 MIN 0.3660634 MAX 4.4530531
0.3660633584 4778014.852 2389007.426
0.3760633584 4778014.852 2252377.802
0.3860633584 4778014.852 2389007.426
0.3960633584 4778014.852 1320573.542
0.4060633584 4778014.852 1671956.91
0.4160633584 4778014.852 1124238.789
0.4260633584 4778014.852 844202.1015
0.4360633584 4778014.852 632762.6164
0.4460633584 4778014.852 650089.7186
0.4560633584 4778014.852 521286.3215
0.4660633584 4778014.852 422307.7456
0.4760633584 4778014.852 406720.7993
0.4860633584 4778030.444 373094.473
0.4960633584 4778014.852 325099.216
0.5060633584 4778014.852 322864.9261
0.5160633584 4778014.852 302791.9265
0.5260633584 4778014.852 299796.9737
0.5360633584 4778014.852 305253.608
0.5460633584 4778030.989 268783.8883
0.5560633584 4778023.738 282036.0996
0.5660633584 4778024.094 287601.3518
0.5760633584 4778014.852 281545.5161
0.5860633584 4778035.943 307141.1392
0.5960633584 4778036.482 311020.8671
0.6060633584 4778014.852 306507.1788
0.6160633584 4778014.852 311680.476
0.6260633584 4778014.852 377727.7699
0.6360633584 4778014.852 352234.6691
0.6460633584 4778014.852 337010.9701
0.6560633584 4778014.852 369727.181
0.6660633584 4778031.463 385016.5236
0.6760633584 4778014.852 364313.9873
0.6860633584 4778014.852 383771.2971
0.6960633584 4778032.141 392742.7349
0.7060633584 4778014.852 406720.7993
0.7160633584 4778014.852 380110.7412
0.7260633584 4778014.852 388820.6935
0.7360633584 4778014.852 374235.8762
0.7460633584 4778014.852 354164.619
0.7560633584 4778029.628 363260.7261
0.7660633584 4778014.852 356126.6427
0.7760633584 4778014.852 349398.0005
0.7860633584 4778028.816 353196.7219
0.7960633584 4778014.852 335346.7908
0.8060633584 4778035.943 307141.1392
0.8160633584 4778014.852 286564.4201
0.8260633584 4778014.852 294064.3603
0.8360633584 4778032.813 283522.3152
0.8460633584 4778022.92 268783.4345
0.8560633584 4778014.852 263019.8461
0.8660633584 4778014.852 263419.2616
0.8760633584 4778014.852 256127.4171
0.8860633584 4778014.852 256866.5907
0.8960633584 4778014.852 252172.9952
0.9060633584 4778021.036 235395.5041
0.9160633584 4778014.852 224490.1714
0.9260633584 4778014.852 231494.9352
0.9360633584 4778031.006 219693.6066
0.9460633584 4778020.007 214972.841
0.9560633584 4778014.852 217182.0278
0.9660633584 4778014.852 202632.6362
0.9760633584 4778014.852 202269.1717
0.9860633584 4778024.741 210544.5276
0.9960633584 4778019.264 198911.2449
1.006063358 4778019.533 204855.55
1.016063358 4778019.35 200834.8186
1.026063358 4778032.718 200129.4587
1.036063358 4778019.116 195551.0292
1.046063358 4778029.32 207936.6617
1.056063358 4778014.852 201012.2796
1.066063358 4778019.44 202815.2996
1.076063358 4778024.878 211990.1615
1.086063358 4778024.196 204667.7239
1.096063358 4778019.567 205612.8707
1.106063358 4778014.852 204667.3236
1.116063358 4778023.978 202269.558
1.126063358 4778019.382 201548.2629
1.136063358 4778014.852 209328.2442
1.146063358 4778019.647 207348.0224
1.156063358 4778019.49 203920.5631
1.166063358 4778014.852 204292.8202
1.176063358 4778019.465 203365.6787
1.186063358 4778019.675 207936.2419
1.196063358 4778019.541 205044.0954
1.206063358 4778014.852 198738.9193
1.216063358 4778014.852 203734.8999
1.226063358 4778022.807 188867.7035
1.236063358 4778018.893 190360.5886
1.246063358 4778018.75 186978.1025
1.256063358 4778014.852 186266.1961
1.266063358 4778029.522 181371.3315
1.276063358 4778018.519 181370.9139
1.286063358 4778014.852 176119.8011
1.296063358 4778018.478 180334.5029
1.306063358 4778027.403 167779.1068
1.316063358 4778021.453 172076.0943
1.326063358 4778020.875 164368.7996
1.336063358 4778014.852 158826.4907
1.346063358 4778027.819 152550.6085
1.356063358 4778020.749 162645.6084
1.366063358 4778017.633 157956.296
1.376063358 4778020.494 159090.5825
1.386063358 4778022.608 152317.7187
1.396063358 4778020.023 152317.6362
1.406063358 4778017.406 151397.1985
1.416063358 4778017.414 151625.7225
1.426063358 4778024.655 148302.8536
1.436063358 4778019.638 146548.4082
1.446063358 4778019.524 144788.4093
1.456063358 4778029.643 148733.4962
1.466063358 4778022.059 146824.9888
1.476063358 4778017.327 149022.1954
1.486063358 4778017.214 145592.7237
1.496063358 4778024.222 144988.3975
1.506063358 4778014.852 146068.1122
1.516063358 4778017.414 151625.7225
1.526063358 4778014.852 148517.3247
1.536063358 4778017.358 149973.4876
1.546063358 4778029.157 146273.7498
1.556063358 4778024.416 146479.6719
1.566063358 4778014.852 146273.3118
1.576063358 4778019.481 144128.1758
1.586063358 4778017.192 144921.4771
1.596063358 4778026.489 144523.4399
1.606063358 4778017.225 145931.8638
1.616063358 4778014.852 143090.1987
1.626063358 4778019.563 145390.4428
1.636063358 4778017.085 141574.7061
1.646063358 4778017.051 140469.1173
1.656063358 4778019.046 137188.3802
1.666063358 4778021.031 135961.0267
1.676063358 4778018.955 135686.5763
1.686063358 4778022.914 134498.8014
1.696063358 4778018.759 132416.5383
1.706063358 4778016.792 131961.1827
1.716063358 4778024.258 129945.0934
1.726063358 4778018.623 130089.35
1.736063358 4778014.852 127926.4298
1.746063358 4778022.166 128110.4282
1.756063358 4778023.826 126929.707
1.766063358 4778022.134 127835.0197
1.776063358 4778023.532 124832.9894
1.786063358 4778018.051 119825.4691
1.796063358 4778023.262 122877.4723
1.806063358 4778022.682 118564.6196
1.816063358 4778019.585 119005.0314
1.826063358 4778018.106 120855.9992
1.836063358 4778014.852 120394.6334
1.846063358 4778017.842 115849.8658
1.856063358 4778022.421 116571.79
1.866063358 4778020.961 117095.6747
1.876063358 4778016.342 115646.0479
1.886063358 4778017.963 118164.9888
1.896063358 4778020.763 115174.8152
1.906063358 4778016.382 117201.1967
1.916063358 4778022.544 117519.9744
1.926063358 4778016.315 114610.0416
1.936063358 4778023.472 113569.4641
1.946063358 4778022.126 114281.8787
1.956063358 4778027.496 112307.6373
1.966063358 4778017.823 115477.0846
1.976063358 4778020.85 116020.5823
1.986063358 4778019.116 112964.6718
1.996063358 4778017.642 111906.2517
2.006063358 4778020.787 115409.7638
2.016063358 4778019.005 111479.0426
2.026063358 4778018.956 110817.4393
2.036063358 4778019.201 114086.1765
2.046063358 4778018.842 109270.7326
2.056063358 4778018.976 111086.6685
2.066063358 4778021.399 108423.4994
2.076063358 4778017.554 110138.1735
2.086063358 4778020.245 110021.378
2.096063358 4778017.355 105995.1072
2.106063358 4778018.566 105425.9594
2.116063358 4778023.348 104389.3527
2.126063358 4778019.865 106073.4941
2.136063358 4778017.221 103117.3257
2.146063358 4778021.069 105657.7486
2.156063358 4778027.771 102687.9947
2.166063358 4778022.021 103576.7518
2.176063358 4778017.217 103045.3582
2.186063358 4778022.987 102146.7447
2.196063358 4778020.548 101134.8592
2.206063358 4778021.514 99845.91892
2.216063358 4778015.981 100684.6726
2.226063358 4778020.149 97530.91941
2.236063358 4778017.068 99737.00223
2.246063358 4778020.612 101706.0547
2.256063358 4778021.211 97551.26638
2.266063358 4778021.297 98208.46282
2.276063358 4778023.226 96947.0196
2.286063358 4778021.114 96807.58496
2.296063358 4778020.018 96314.5993
2.306063358 4778019.919 95388.84511
2.316063358 4778019.895 95161.54769
2.326063358 4778015.865 95388.76419
2.336063358 4778018.888 95180.40701
2.346063358 4778025.815 94600.45586
2.356063358 4778020.944 95484.05455
2.366063358 4778020.863 94842.32657
2.376063358 4778016.83 94231.6084
2.386063358 4778016.777 92974.41162
2.396063358 4778021.637 93292.97345
2.406063358 4778023.346 92055.43653
2.416063358 4778022.369 91851.07695
2.426063358 4778016.716 91479.85185
2.436063358 4778017.648 91479.8697
2.446063358 4778016.721 91597.44611
2.456063358 4778018.667 92537.49502
2.466063358 4778022.213 90898.70448
2.476063358 4778022.262 91196.24689
2.486063358 4778017.618 90980.97513
2.496063358 4778015.768 90701.83151
2.506063358 4778019.225 88618.69519
2.516063358 4778021.954 89281.52661
2.526063358 4778017.482 88725.55194
2.536063358 4778017.447 88134.89939
2.546063358 4778022.71 88542.64649
2.556063358 4778019.174 88104.95848
2.566063358 4778021.645 87321.70172
2.576063358 4778019.868 86644.24421
2.586063358 4778017.386 87089.23064
2.596063358 4778020.812 87438.58302
2.606063358 4778019.927 87147.2013
2.616063358 4778019.923 87118.22462
2.626063358 4778019.036 86686.99879
2.636063358 4778023.482 88030.23952
2.646063358 4778023.254 86858.78968
2.656063358 4778021.578 86887.4776
2.666063358 4778018.206 86772.7134
2.676063358 4778020.818 87482.54051
2.686063358 4778019.111 87453.19697
2.696063358 4778019.985 87644.27135
2.706063358 4778019.115 87497.17652
2.716063358 4778017.517 89312.63372
2.726063358 4778017.613 90898.61696
2.736063358 4778019.425 90620.29778
2.746063358 4778023.547 88360.78716
2.756063358 4778017.639 91329.34037
2.766063358 4778019.373 90103.20114
2.776063358 4778021.388 91563.89095
2.786063358 4778023.339 92021.28489
2.796063358 4778018.521 90750.95158
2.806063358 4778020.609 92816.47073
2.816063358 4778017.63 91179.5517
2.826063358 4778021.34 91229.47013
2.836063358 4778021.397 91631.21752
2.846063358 4778021.493 92295.53078
2.856063358 4778024.417 92676.76073
2.866063358 4778020.63 92992.09372
2.876063358 4778022.636 93471.33945
2.886063358 4778019.83 94544.76093
2.896063358 4778018.958 96003.0056
2.906063358 4778017.853 94767.61728
2.916063358 4778015.844 94378.53885
2.926063358 4778020.966 95656.11564
2.936063358 4778015.885 96314.516
2.946063358 4778017.919 95809.78076
2.956063358 4778024.355 97368.8589
2.966063358 4778017.859 94860.95691
2.976063358 4778020.16 97632.67333
2.986063358 4778018.037 97632.62994
2.996063358 4778019.065 97247.67078
3.006063358 4778022.501 99048.96888
3.016063358 4778022.419 98521.15287
3.026063358 4778017.001 98229.12642
3.036063358 4778020.173 97755.19944
3.046063358 4778018.094 98500.12626
3.056063358 4778019.291 99824.07921
3.066063358 4778020.472 100461.9638
3.076063358 4778019.386 100886.54
3.086063358 4778025.741 98879.21339
3.096063358 4778017.234 103406.7109
3.106063358 4778020.641 101960.4653
3.116063358 4778016.023 102522.1358
3.126063358 4778020.991 104992.4217
3.136063358 4778020.719 102640.4451
3.146063358 4778019.728 104614.2237
3.156063358 4778022.446 106600.2353
3.166063358 4778017.365 106204.3772
3.176063358 4778019.862 106047.3643
3.186063358 4778016.11 106256.8607
3.196063358 4778014.852 108451.277
3.206063358 4778020.065 108173.1004
3.216063358 4778018.996 111357.8696
3.226063358 4778016.216 110668.6476
3.236063358 4778020.248 110050.5576
3.246063358 4778023.291 112369.6383
3.256063358 4778017.595 110966.7372
3.266063358 4778025.28 115646.2642
3.276063358 4778017.665 112369.506
3.286063358 4778020.78 115342.4889
3.296063358 4778017.789 114808.4215
3.306063358 4778019.285 115174.7796
3.316063358 4778021.028 117733.8042
3.326063358 4778021.135 118747.523
3.336063358 4778022.834 119712.7059
3.346063358 4778018.134 121361.7567
3.356063358 4778019.608 119301.4333
3.366063358 4778018.106 120855.9992
3.376063358 4778014.852 121166.4011
3.386063358 4778018.346 125218.075
3.396063358 4778023.392 123822.8582
3.406063358 4778020.085 125132.2077
3.416063358 4778024.08 128713.3551
3.426063358 4778020.361 128387.575
3.436063358 4778022.24 128760.0338
3.446063358 4778022.176 128202.6273
3.456063358 4778014.852 134819.4459
3.466063358 4778028.949 134445.715
3.476063358 4778026.747 133393.6377
3.486063358 4778019.145 138799.709
3.496063358 4778016.935 136738.1522
3.506063358 4778021.408 140046.2359
3.516063358 4778017.011 139211.4284
3.526063358 4778017.129 142962.1074
3.536063358 4778021.905 145256.0802
3.546063358 4778014.852 146963.6085
3.556063358 4778019.712 147663.9215
3.566063358 4778028.034 153810.0818
3.576063358 4778019.935 151018.691
3.586063358 4778017.391 150943.2333
3.596063358 4778017.773 161896.8491
3.606063358 4778017.828 163404.6499
3.616063358 4778020.769 162929.0455
3.626063358 4778024.407 169034.2197
3.636063358 4778021.73 175643.4112
3.646063358 4778021.853 177206.8535
3.656063358 4778022.124 180592.0766
3.666063358 4778018.709 185983.9119
3.676063358 4778027.15 191735.3754
3.686063358 4778014.852 192199.692
3.696063358 4778023.024 191427.2029
3.706063358 4778014.852 194737.0777
3.716063358 4778019.303 199778.7169
3.726063358 4778019.311 199953.5772
3.736063358 4778019.524 204667.5238
3.746063358 4778024.78 210954.5451
3.756063358 4778020.214 219230.1149
3.766063358 4778014.852 217406.7357
3.776063358 4778020.237 219693.1115
3.786063358 4778020.695 228825.086
3.796063358 4778014.852 226499.0519
3.806063358 4778021.006 234826.2329
3.816063358 4778021.036 235395.5041
3.826063358 4778014.852 253589.6861
3.836063358 4778014.852 250435.0757
3.846063358 4778014.852 248061.2652
3.856063358 4778021.758 248732.9591
3.866063358 4778014.852 271371.5869
3.876063358 4778014.852 250779.7851
3.886063358 4778014.852 267097.8378
3.896063358 4778023.077 271372.054
3.906063358 4778014.852 292407.6939
3.916063358 4778014.852 283521.2494
3.926063358 4778014.852 293509.0135
3.936063358 4778035.184 301584.4939
3.946063358 4778036.482 311020.8671
3.956063358 4778026.51 322865.7139
3.966063358 4778014.852 349398.0005
3.976063358 4778038.828 327382.1839
3.986063358 4778028.816 353196.7219
3.996063358 4778014.852 344818.794
4.006063358 4778029.715 364315.1206
4.016063358 4778014.852 373093.2555
4.026063358 4778014.852 353195.6896
4.036063358 4778014.852 391421.2931
4.046063358 4778032.141 392742.7349
4.056063358 4778014.852 383771.2971
4.066063358 4778052.227 408205.5155
4.076063358 4778014.852 436155.6851
4.086063358 4778014.852 414294.5421
4.096063358 4778014.852 445535.0401
4.106063358 4778014.852 432566.366
4.116063358 4778014.852 457631.2031
4.126063358 4778014.852 509304.4472
4.136063358 4778014.852 490186.24
4.146063358 4778014.852 515190.9349
4.156063358 4778014.852 495427.7905
4.166063358 4778014.852 521286.3215
4.176063358 4778014.852 548027.1718
4.186063358 4778014.852 632762.6164
4.196063358 4778014.852 540958.0231
4.206063358 4778014.852 621952.0873
4.216063358 4778014.852 728433.874
4.226063358 4778014.852 745967.3297
4.236063358 4778014.852 764829.7292
4.246063358 4778014.852 796010.7073
4.256063358 4778014.852 936295.8697
4.266063358 4778014.852 831339.4006
4.276063358 4778014.852 785197.6964
4.286063358 4778014.852 954773.0936
4.296063358 4778014.852 974385.9201
4.306063358 4778014.852 1320573.542
4.316063358 4778014.852 1230526.967
4.326063358 4778184.285 1191888.569
4.336063358 4778014.852 974385.9201
4.346063358 4778014.852 1671956.91
4.356063358 4778014.852 1501585.201
4.366063358 4778014.852 1671956.91
4.376063358 4778014.852 2252377.802
4.386063358 4778014.852 1671956.91
4.396063358 4778014.852 2389007.426
4.406063358 4778014.852 2389007.426
4.416063358 4778014.852 2252377.802
4.426063358 4778014.852 -nan
4.436063358 4778014.852 -nan
4.446063358 -nan -nan
4.456063358 4778014.852 -nan
