# EANALYZE: DISTANCE[nm] SPATIAL SITE-ENERGY CORRELATION[eV] 
#  # AVG 1.5970790 STD 0.0038234 MIN 0.3660634 MAX 4.4530531
0.3660633584 161893.5859 80946.79296
0.3760633584 161893.5859 76317.36829
0.3860633584 161893.5859 80946.79296
0.3960633584 161893.5859 44745.02337
0.4060633584 161893.5859 56650.95402
0.4160633584 161893.5859 38092.60845
0.4260633584 161893.5859 28604.11901
0.4360633584 161893.5859 21439.91012
0.4460633584 161893.5859 22027.00472
0.4560633584 161893.5859 17662.75629
0.4660633584 161893.5859 14309.06295
0.4760633584 161893.5859 13780.9301
0.4860633584 161896.456 12641.75137
0.4960633584 161893.5859 11015.34413
0.5060633584 161893.5859 10939.63963
0.5160633584 161893.5859 10259.50573
0.5260633584 161893.5859 10158.02768
0.5360633584 161893.5859 10342.91494
0.5460633584 161896.5562 9107.346937
0.5560633584 161895.2217 9556.314359
0.5660633584 161895.2871 9744.886694
0.5760633584 161893.5859 9539.613127
0.5860633584 161897.4683 10407.07383
0.5960633584 161897.5674 10538.53858
0.6060633584 161893.5859 10385.38971
0.6160633584 161893.5859 10560.67666
0.6260633584 161893.5859 12798.55862
0.6360633584 161893.5859 11934.7753
0.6460633584 161893.5859 11418.95037
0.6560633584 161893.5859 12527.47448
0.6660633584 161896.6436 13045.72466
0.6760633584 161893.5859 12344.05912
0.6860633584 161893.5859 13003.33159
0.6960633584 161896.7684 13307.52446
0.7060633584 161893.5859 13780.9301
0.7160633584 161893.5859 12879.30089
0.7260633584 161893.5859 13174.4204
0.7360633584 161893.5859 12680.2427
0.7460633584 161893.5859 12000.16784
0.7560633584 161896.3058 12308.54017
0.7660633584 161893.5859 12066.64714
0.7760633584 161893.5859 11838.6604
0.7860633584 161896.1564 11967.5276
0.7960633584 161893.5859 11362.56294
0.8060633584 161897.4683 10407.07383
0.8160633584 161893.5859 9709.668765
0.8260633584 161893.5859 9963.789409
0.8360633584 161896.8921 9606.753126
0.8460633584 161895.0711 9107.263391
0.8560633584 161893.5859 8911.907427
0.8660633584 161893.5859 8925.440832
0.8760633584 161893.5859 8678.371101
0.8860633584 161893.5859 8703.416537
0.8960633584 161893.5859 8544.383332
0.9060633584 161894.7242 7975.956976
0.9160633584 161893.5859 7606.405583
0.9260633584 161893.5859 7843.748154
0.9360633584 161896.5594 7443.995023
0.9460633584 161894.5348 7283.964498
0.9560633584 161893.5859 7358.783588
0.9660633584 161893.5859 6865.806223
0.9760633584 161893.5859 6853.490945
0.9860633584 161895.4062 7133.950464
0.9960633584 161894.3981 6739.741822
1.006063358 161894.4475 6941.1554
1.016063358 161894.4139 6804.919125
1.026063358 161896.8746 6781.103396
1.036063358 161894.3708 6625.886184
1.046063358 161896.249 7045.617201
1.056063358 161893.5859 6810.903643
1.066063358 161894.4304 6872.024655
1.076063358 161895.4314 7182.934271
1.086063358 161895.3058 6934.821256
1.096063358 161894.4539 6966.81605
1.106063358 161893.5859 6934.747582
1.116063358 161895.2657 6853.562057
1.126063358 161894.4198 6829.093077
1.136063358 161893.5859 7092.673659
1.146063358 161894.4686 7025.609015
1.156063358 161894.4396 6909.474804
1.166063358 161893.5859 6922.058274
1.176063358 161894.435 6890.673404
1.186063358 161894.4736 7045.539936
1.196063358 161894.4491 6947.543972
1.206063358 161893.5859 6733.875324
1.216063358 161893.5859 6903.154246
1.226063358 161895.0501 6399.455918
1.236063358 161894.3297 6450.016332
1.246063358 161894.3034 6335.406212
1.256063358 161893.5859 6311.261758
1.266063358 161896.2862 6145.492585
1.276063358 161894.261 6145.415709
1.286063358 161893.5859 5967.471226
1.296063358 161894.2533 6110.298614
1.306063358 161895.8961 5684.929483
1.316063358 161894.801 5830.493924
1.326063358 161894.6945 5569.342892
1.336063358 161893.5859 5381.521595
1.346063358 161895.9728 5168.937915
1.356063358 161894.6713 5510.954995
1.366063358 161894.0978 5352.050576
1.376063358 161894.6244 5390.498037
1.386063358 161895.0137 5161.021863
1.396063358 161894.5377 5161.006691
1.406063358 161894.0561 5129.806877
1.416063358 161894.0575 5137.550016
1.426063358 161895.3904 5024.994663
1.436063358 161894.4669 4965.525098
1.446063358 161894.4459 4905.890227
1.456063358 161896.3084 5039.609584
1.466063358 161894.9124 4974.907695
1.476063358 161894.0414 5049.334028
1.486063358 161894.0207 4933.13238
1.496063358 161895.3106 4912.687874
1.506063358 161893.5859 4949.229169
1.516063358 161894.0575 5137.550016
1.526063358 161893.5859 5032.215889
1.536063358 161894.0473 5081.566906
1.546063358 161896.2191 4956.262563
1.556063358 161895.3463 4963.218089
1.566063358 161893.5859 4956.181952
1.576063358 161894.438 4883.519231
1.586063358 161894.0167 4910.388366
1.596063358 161895.728 4896.943867
1.606063358 161894.0227 4944.623545
1.616063358 161893.5859 4848.328457
1.626063358 161894.4531 4926.289211
1.636063358 161893.997 4796.988925
1.646063358 161893.9906 4759.528003
1.656063358 161894.3579 4648.375092
1.666063358 161894.7232 4606.796968
1.676063358 161894.3411 4597.488848
1.686063358 161895.0699 4557.260031
1.696063358 161894.3051 4486.688841
1.706063358 161893.943 4471.251803
1.716063358 161895.3173 4402.970975
1.726063358 161894.28 4407.835825
1.736063358 161893.5859 4334.534132
1.746063358 161894.9322 4340.798004
1.756063358 161895.2378 4300.797956
1.766063358 161894.9264 4331.466144
1.776063358 161895.1837 4229.753078
1.786063358 161894.1747 4060.061145
1.796063358 161895.134 4163.492674
1.806063358 161895.0271 4017.356882
1.816063358 161894.4571 4032.267889
1.826063358 161894.1849 4094.978931
1.836063358 161893.5859 4079.334102
1.846063358 161894.1363 3925.354528
1.856063358 161894.9791 3949.832347
1.866063358 161894.7105 3967.577896
1.876063358 161893.8601 3918.443086
1.886063358 161894.1585 4003.798559
1.896063358 161894.6739 3902.492281
1.906063358 161893.8676 3971.13645
1.916063358 161895.0018 3981.960381
1.926063358 161893.8552 3883.339919
1.936063358 161895.1726 3848.107507
1.946063358 161894.9248 3872.241626
1.956063358 161895.9134 3805.366867
1.966063358 161894.1328 3912.723469
1.976063358 161894.6899 3931.149904
1.986063358 161894.3708 3827.599685
1.996063358 161894.0994 3791.731885
2.006063358 161894.6783 3910.45318
2.016063358 161894.3503 3777.261488
2.026063358 161894.3413 3754.844111
2.036063358 161894.3865 3865.600112
2.046063358 161894.3203 3702.436421
2.056063358 161894.345 3763.966515
2.066063358 161894.791 3673.738208
2.076063358 161894.0833 3731.823594
2.086063358 161894.5786 3727.875506
2.096063358 161894.0466 3591.442967
2.106063358 161894.2695 3572.162487
2.116063358 161895.1498 3537.054689
2.126063358 161894.5086 3594.107326
2.136063358 161894.0219 3493.93437
2.146063358 161894.7303 3580.024547
2.156063358 161895.9639 3479.42136
2.166063358 161894.9056 3509.516778
2.176063358 161894.0213 3491.495878
2.186063358 161895.0833 3461.066592
2.196063358 161894.6344 3426.772843
2.206063358 161894.8122 3383.10245
2.216063358 161893.7937 3411.504624
2.226063358 161894.5609 3304.6586
2.236063358 161893.9938 3379.398062
2.246063358 161894.6463 3446.12698
2.256063358 161894.7564 3305.351277
2.266063358 161894.7723 3327.619476
2.276063358 161895.1273 3284.883589
2.286063358 161894.7387 3280.15266
2.296063358 161894.5368 3263.445398
2.306063358 161894.5186 3232.077601
2.316063358 161894.5141 3224.375969
2.326063358 161893.7724 3232.062705
2.336063358 161894.3288 3225.01197
2.346063358 161895.604 3205.381999
2.356063358 161894.7073 3235.306678
2.366063358 161894.6923 3213.562628
2.376063358 161893.95 3192.857589
2.386063358 161893.9403 3150.259731
2.396063358 161894.8349 3161.067839
2.406063358 161895.1494 3119.141027
2.416063358 161894.9695 3112.213831
2.426063358 161893.929 3099.619261
2.436063358 161894.1006 3099.622545
2.446063358 161893.9299 3103.603731
2.456063358 161894.2881 3135.461144
2.466063358 161894.9409 3079.943905
2.476063358 161894.9498 3090.025748
2.486063358 161894.095 3082.718359
2.496063358 161893.7546 3073.254832
2.506063358 161894.3908 3002.681446
2.516063358 161894.8931 3025.147927
2.526063358 161894.07 3006.29723
2.536063358 161894.0636 2986.28399
2.546063358 161895.0323 3000.114374
2.556063358 161894.3815 2985.274283
2.566063358 161894.8364 2958.741852
2.576063358 161894.5092 2935.782559
2.586063358 161894.0523 2950.853319
2.596063358 161894.683 2962.699878
2.606063358 161894.52 2952.824505
2.616063358 161894.5194 2951.842673
2.626063358 161894.3561 2937.228953
2.636063358 161895.1744 2982.754488
2.646063358 161895.1324 2943.061285
2.656063358 161894.8239 2944.028749
2.666063358 161894.2033 2940.13097
2.676063358 161894.6841 2964.189316
2.686063358 161894.3698 2963.190369
2.696063358 161894.5307 2969.66698
2.706063358 161894.3706 2964.680547
2.716063358 161894.0765 3026.189482
2.726063358 161894.094 3079.927793
2.736063358 161894.4276 3070.502636
2.746063358 161895.1864 2993.954711
2.756063358 161894.0989 3094.522117
2.766063358 161894.418 3052.981617
2.776063358 161894.789 3102.480211
2.786063358 161895.1482 3117.983839
2.796063358 161894.2612 3074.927022
2.806063358 161894.6455 3144.919384
2.816063358 161894.0972 3089.446785
2.826063358 161894.7802 3091.148817
2.836063358 161894.7908 3104.76148
2.846063358 161894.8083 3127.270835
2.856063358 161895.3466 3140.196657
2.866063358 161894.6495 3150.870117
2.876063358 161895.0188 3167.114391
2.886063358 161894.5021 3203.477078
2.896063358 161894.3417 3252.884413
2.906063358 161894.1382 3211.02227
2.916063358 161893.7685 3197.833121
2.926063358 161894.7114 3241.136726
2.936063358 161893.7761 3263.430064
2.946063358 161894.1505 3246.334217
2.956063358 161895.3351 3299.180346
2.966063358 161894.1393 3214.184926
2.976063358 161894.563 3308.106381
2.986063358 161894.1722 3308.098395
2.996063358 161894.3614 3295.05792
3.006063358 161894.9938 3356.102279
3.016063358 161894.9788 3338.217898
3.026063358 161893.9815 3328.306361
3.036063358 161894.5654 3312.257998
3.046063358 161894.1826 3337.492056
3.056063358 161894.4031 3382.355476
3.066063358 161894.6205 3403.972754
3.076063358 161894.4206 3418.355307
3.086063358 161895.5903 3350.360481
3.096063358 161894.0244 3503.739679
3.106063358 161894.6516 3454.747319
3.116063358 161893.8014 3473.763633
3.126063358 161894.7159 3557.480874
3.136063358 161894.6658 3477.787464
3.146063358 161894.4834 3544.662154
3.156063358 161894.9838 3611.963645
3.166063358 161894.0484 3598.533717
3.176063358 161894.5082 3593.221959
3.186063358 161893.8174 3600.307829
3.196063358 161893.5859 3674.657084
3.206063358 161894.5455 3665.249348
3.216063358 161894.3487 3773.155732
3.226063358 161893.837 3749.79305
3.236063358 161894.5792 3728.864213
3.246063358 161895.1393 3807.452817
3.256063358 161894.0908 3759.89805
3.266063358 161895.5055 3918.482909
3.276063358 161894.1037 3807.428462
3.286063358 161894.677 3908.173667
3.296063358 161894.1264 3890.066955
3.306063358 161894.4019 3902.485724
3.316063358 161894.7228 3989.200022
3.326063358 161894.7425 4023.548474
3.336063358 161895.0552 4056.258373
3.346063358 161894.1899 4112.11568
3.356063358 161894.4614 4042.311014
3.366063358 161894.1849 4094.978931
3.376063358 161893.5859 4105.483926
3.386063358 161894.229 4242.780632
3.396063358 161895.1579 4195.525961
3.406063358 161894.5492 4239.878022
3.416063358 161895.2846 4361.234875
3.426063358 161894.6 4350.181358
3.436063358 161894.9459 4362.809057
3.446063358 161894.9341 4343.922054
3.456063358 161893.5859 4568.090351
3.466063358 161896.1808 4555.486795
3.476063358 161895.7754 4519.829537
3.486063358 161894.3762 4702.972427
3.496063358 161893.9694 4633.110876
3.506063358 161894.7927 4745.218657
3.516063358 161893.9834 4716.913444
3.526063358 161894.0051 4843.998571
3.536063358 161894.8842 4921.747273
3.546063358 161893.5859 4979.57129
3.556063358 161894.4804 5003.322567
3.566063358 161896.0124 5211.614234
3.576063358 161894.5216 5116.993871
3.586063358 161894.0533 5114.425055
3.596063358 161894.1236 5485.569488
3.606063358 161894.1337 5536.658755
3.616063358 161894.6751 5520.558861
3.626063358 161895.3446 5727.441078
3.636063358 161894.852 5951.367673
3.646063358 161894.8747 6004.342848
3.656063358 161894.9245 6119.046719
3.666063358 161894.2958 6301.719662
3.676063358 161895.8496 6496.648203
3.686063358 161893.5859 6512.306537
3.696063358 161895.0902 6486.181443
3.706063358 161893.5859 6598.280834
3.716063358 161894.4052 6769.13476
3.726063358 161894.4067 6775.05963
3.736063358 161894.4459 6934.784419
3.746063358 161895.4133 7147.843481
3.756063358 161894.5729 7428.215918
3.766063358 161893.5859 7366.397372
3.776063358 161894.5771 7443.903877
3.786063358 161894.6614 7753.327618
3.796063358 161893.5859 7674.472526
3.806063358 161894.7187 7956.668012
3.816063358 161894.7242 7975.956976
3.826063358 161893.5859 8592.385101
3.836063358 161893.5859 8485.497365
3.846063358 161893.5859 8405.065491
3.856063358 161894.8572 8427.878508
3.866063358 161893.5859 9194.88965
3.876063358 161893.5859 8497.177161
3.886063358 161893.5859 9050.082113
3.896063358 161895.0999 9194.975638
3.906063358 161893.5859 9907.656544
3.916063358 161893.5859 9606.556942
3.926063358 161893.5859 9944.972581
3.936063358 161897.3285 10218.78701
3.946063358 161897.5674 10538.53858
3.956063358 161895.7319 10939.78464
3.966063358 161893.5859 11838.6604
3.976063358 161897.9993 11092.94472
3.986063358 161896.1564 11967.5276
3.996063358 161893.5859 11683.50304
4.006063358 161896.3217 12344.26772
4.016063358 161893.5859 12641.52726
4.026063358 161893.5859 11967.33759
4.036063358 161893.5859 13262.53658
4.046063358 161896.7684 13307.52446
4.056063358 161893.5859 13003.33159
4.066063358 161900.4657 13831.71634
4.076063358 161893.5859 14778.273
4.086063358 161893.5859 14037.55139
4.096063358 161893.5859 15096.0739
4.106063358 161893.5859 14656.65602
4.116063358 161893.5859 15505.92846
4.126063358 161893.5859 17256.77417
4.136063358 161893.5859 16608.99152
4.146063358 161893.5859 17456.22616
4.156063358 161893.5859 16786.59109
4.166063358 161893.5859 17662.75629
4.176063358 161893.5859 18568.81713
4.186063358 161893.5859 21439.91012
4.196063358 161893.5859 18329.293
4.206063358 161893.5859 21073.61672
4.216063358 161893.5859 24681.54152
4.226063358 161893.5859 25275.628
4.236063358 161893.5859 25914.74311
4.246063358 161893.5859 26971.2489
4.256063358 161893.5859 31724.53425
4.266063358 161893.5859 28168.29182
4.276063358 161893.5859 26604.87141
4.286063358 161893.5859 32350.59845
4.296063358 161893.5859 33015.14029
4.306063358 161893.5859 44745.02337
4.316063358 161893.5859 41693.97323
4.326063358 161924.7741 40391.13519
4.336063358 161893.5859 33015.14029
4.346063358 161893.5859 56650.95402
4.356063358 161893.5859 50878.24552
4.366063358 161893.5859 56650.95402
4.376063358 161893.5859 76317.36829
4.386063358 161893.5859 56650.95402
4.396063358 161893.5859 80946.79296
4.406063358 161893.5859 80946.79296
4.416063358 161893.5859 76317.36829
4.426063358 161893.5859 -nan
4.436063358 161893.5859 -nan
4.446063358 -nan -nan
4.456063358 161893.5859 -nan
