==================================================
========   VOTCA (http://www.votca.org)   ========
==================================================

please submit bugs to https://github.com/votca/xtp/issues

xtp_map, version 2022-dev gitid: b5d4bc84e (dirty) (compiled Oct 13 2021, 10:59:51)
votca_csg, version 2022-dev gitid: b5d4bc84e (dirty) (compiled Oct 13 2021, 10:54:12)
votca_tools, version 2022-dev gitid: b5d4bc84e (dirty) (compiled Oct 13 2021, 10:53:04)


WARNING: The votca lammps data reader is only able to read lammps files formatted in the following styles:
angle
atom
bond
full
molecule

These styles use the following formats in the atom block:
atom-ID molecule-ID atom-type charge x y z
atom-ID molecule-ID atom-type charge x y z nx ny nz
atom-ID molecule-ID atom-type x y z
atom-ID molecule-ID atom-type x y z nx ny nz
atom-ID atom-type x y z
atom-ID atom-type x y z nx ny nz

Unable to associate mass 13.019 with element assuming pseudo atom, assigning name Bead14 .
Unable to associate mass 14.027 with element assuming pseudo atom, assigning name Bead15 .
Unable to associate mass 15.035 with element assuming pseudo atom, assigning name Bead16 .
Unable to associate mass 16.043 with element assuming pseudo atom, assigning name Bead17 .
Unable to associate mass 14.027 with element assuming pseudo atom, assigning name Bead18 .
Unable to associate mass 13.019 with element assuming pseudo atom, assigning name Bead48 .
Unable to associate mass 15.035 with element assuming pseudo atom, assigning name Bead53 .
Unable to associate mass 78.96 with element assuming pseudo atom, assigning name Bead57 .

WARNING Impropers are not currently supported, skipping.

Read MD topology from MD_FILES/newfile.data: Found 9000 atoms in 1000 molecules. 
Reading frame, timestep 100
Reading frame, timestep 200
Reading frame, timestep 300
Reading frame, timestep 400
Reading frame, timestep 500
Reading frame, timestep 600
Reading frame, timestep 700
Reading frame, timestep 800
Reading frame, timestep 900
Reading frame, timestep 1000
Reading frame, timestep 1100
Reading frame, timestep 1200
Reading frame, timestep 1300
Reading frame, timestep 1400
Reading frame, timestep 1500
Reading frame, timestep 1600
Reading frame, timestep 1700
Reading frame, timestep 1800
Reading frame, timestep 1900
Reading frame, timestep 2000
Reading frame, timestep 2100
Reading frame, timestep 2200
Reading frame, timestep 2300
Reading frame, timestep 2400
Reading frame, timestep 2500
Reading frame, timestep 2600
Reading frame, timestep 2700
Reading frame, timestep 2800
Reading frame, timestep 2900
Reading frame, timestep 3000
Reading frame, timestep 3100
Reading frame, timestep 3200
Reading frame, timestep 3300
Reading frame, timestep 3400
Reading frame, timestep 3500
Reading frame, timestep 3600
Reading frame, timestep 3700
Reading frame, timestep 3800
Reading frame, timestep 3900
Reading frame, timestep 4000
Reading frame, timestep 4100
Reading frame, timestep 4200
Reading frame, timestep 4300
Reading frame, timestep 4400
Reading frame, timestep 4500
Reading frame, timestep 4600
Reading frame, timestep 4700
Reading frame, timestep 4800
Reading frame, timestep 4900
Reading frame, timestep 5000
Reading frame, timestep 5100
Reading frame, timestep 5200
Reading frame, timestep 5300
Reading frame, timestep 5400
Reading frame, timestep 5500
Reading frame, timestep 5600
Reading frame, timestep 5700
Reading frame, timestep 5800
Reading frame, timestep 5900
Reading frame, timestep 6000
Reading frame, timestep 6100
Reading frame, timestep 6200
Reading frame, timestep 6300
Reading frame, timestep 6400
Reading frame, timestep 6500
Reading frame, timestep 6600
Reading frame, timestep 6700
Reading frame, timestep 6800
Reading frame, timestep 6900
Reading frame, timestep 7000
Reading frame, timestep 7100
Reading frame, timestep 7200
Reading frame, timestep 7300
Reading frame, timestep 7400
Reading frame, timestep 7500
Reading frame, timestep 7600
Reading frame, timestep 7700
Reading frame, timestep 7800
Reading frame, timestep 7900
Reading frame, timestep 8000
Reading frame, timestep 8100
Reading frame, timestep 8200
Reading frame, timestep 8300
Reading frame, timestep 8400
Reading frame, timestep 8500
Reading frame, timestep 8600
Reading frame, timestep 8700
Reading frame, timestep 8800
Reading frame, timestep 8900
Reading frame, timestep 9000
Reading frame, timestep 9100
Reading frame, timestep 9200
Reading frame, timestep 9300
Reading frame, timestep 9400
Reading frame, timestep 9500
Reading frame, timestep 9600
Reading frame, timestep 9700
Reading frame, timestep 9800
Reading frame, timestep 9900
Reading frame, timestep 10000
Read MD trajectory from MD_FILES/traj.dump: found 100 frames, starting from frame 99
Creating statefile state.hdf5
Frame with id 10000 was not in statefile state.hdf5 ,adding it now.
Wrote MD topology (step = 10000, time = 0) to state.hdf5
... . 
