
GWBSE ERR ... 2021-10-13 14:44:14 RPA level range [0:56]
GWBSE ERR ... 2021-10-13 14:44:14 GW  level range [0:56]
GWBSE ERR ... 2021-10-13 14:44:14 BSE level range occ[0:21]  virt[22:56]
GWBSE ERR ...  BSE type: full
GWBSE ERR ... 2021-10-13 14:44:14 BSE Hamiltonian has size 1540x1540
GWBSE ERR ...  BSE without Hqp offdiagonal elements
GWBSE ERR ...  Running GW as: G0W0
GWBSE ERR ...  qp_sc_limit [Hartree]: 1e-05
GWBSE ERR ...  Tasks: 
GWBSE ERR ...  GW 
GWBSE ERR ...  singlets 
GWBSE ERR ...  triplets 
GWBSE ERR ...  Store: 
GWBSE ERR ...  GW 
GWBSE ERR ...  Sigma integration: ppm
GWBSE ERR ...  eta: 0.001
GWBSE ERR ...  QP solver: grid
GWBSE ERR ...  QP grid steps: 1001
GWBSE ERR ...  QP grid spacing: 0.001
GWBSE ERR ... 2021-10-13 14:44:14 Using 4 threads
GWBSE ERR ... 2021-10-13 14:44:14 Using MKL overload for Eigen 
GWBSE ERR ... 2021-10-13 14:44:14 Using CUDA support for tensor multiplication with 1 GPUs.
GWBSE ERR ... 2021-10-13 14:44:14 Molecule Coordinates [A] 
GWBSE ERR ...     0    C   9.6971 9.2819 18.1735
GWBSE ERR ...     1    C   9.8450 10.6400 18.2277
GWBSE ERR ...     2    S   10.5509 11.2287 16.8427
GWBSE ERR ...     3    C   10.6795 9.7275 16.1407
GWBSE ERR ...     4    C   10.1830 8.7504 16.9581
GWBSE ERR ...     5    H   9.2606 8.6935 18.9679
GWBSE ERR ...     6    H   9.5612 11.2965 19.0347
GWBSE ERR ...     7    H   11.1101 9.6031 15.1600
GWBSE ERR ...     8    H   10.1680 7.7014 16.6992
GWBSE ERR ... 2021-10-13 14:44:14 DFT data was created by xtp
GWBSE ERR ... 2021-10-13 14:44:14 Loaded DFT Basis Set 3-21G
GWBSE ERR ... 2021-10-13 14:44:14 Filled DFT Basis of size 57
GWBSE ERR ... 2021-10-13 14:44:14 Loaded Auxbasis Set aux-def2-svp
GWBSE ERR ... 2021-10-13 14:44:14 Filled Auxbasis of size 310
GWBSE ERR ... 2021-10-13 14:44:14 Calculating Mmn_beta (3-center-repulsion x orbitals)  
GWBSE INF ... 2021-10-13 14:44:14 Removed 0 functions from Aux Coulomb matrix to avoid near linear dependencies
GWBSE ERR ... 2021-10-13 14:44:14 Calculated Mmn_beta (3-center-repulsion x orbitals)  
GWBSE INF ... 2021-10-13 14:44:14 Setup grid for integration with gridsize: medium with 26560 points, divided into 1 boxes
GWBSE ERR ... 2021-10-13 14:44:14 Integrating Vxc with functional XC_HYB_GGA_XC_PBEH
GWBSE INF ... 2021-10-13 14:44:15 Calculated Vxc
GWBSE ERR ... 2021-10-13 14:44:15 Set hybrid exchange factor: 0.25
GWBSE ERR ... 2021-10-13 14:44:15 Calculated exchange-correlation expectation values 
GWBSE ERR ... 2021-10-13 14:44:15 Calculated Hartree exchange contribution
GWBSE ERR ... 2021-10-13 14:44:15 Scissor shifting DFT energies by: 0 Hrt
GWBSE INF ... 2021-10-13 14:44:15 Calculated screening via RPA
GWBSE INF ... 2021-10-13 14:44:15 Solving QP equations 
GWBSE INF ...  Roots found for qplevel:2 (qpenergy:qpweight)
		-10.522:0.47594 Root chosen -10.522
GWBSE INF ...  No roots found for qplevel:0
GWBSE INF ...  Roots found for qplevel:1 (qpenergy:qpweight)
		-10.522:0.4759 Root chosen -10.522
GWBSE INF ...  Roots found for qplevel:3 (qpenergy:qpweight)
		-10.518:0.50211 Root chosen -10.518
GWBSE INF ...  Roots found for qplevel:4 (qpenergy:qpweight)
		-10.518:0.50212 Root chosen -10.518
GWBSE INF ...  No roots found for qplevel:5
GWBSE INF ...  Roots found for qplevel:6 (qpenergy:qpweight)
		-6.2166:0.61588 Root chosen -6.2166
GWBSE INF ...  Roots found for qplevel:7 (qpenergy:qpweight)
		-6.2134:0.61369 Root chosen -6.2134
GWBSE INF ...  Roots found for qplevel:8 (qpenergy:qpweight)
		-6.2046:0.61358 Root chosen -6.2046
GWBSE INF ...  Roots found for qplevel:11 (qpenergy:qpweight)
		-1.2417:0.022872 -1.2372:-0.0012602 -1.2071:0.037374 -1.1996:-0.00086986 -1.1358:0.25621 -1.093:-0.0020977 -1.0882:0.04092 -0.99755:-0.00029812 -0.98989:0.0089766 -0.98615:-0.0010105 -0.97237:0.078634 Root chosen -1.1358
GWBSE INF ...  Roots found for qplevel:10 (qpenergy:qpweight)
		-1.2667:-0.00058644 -1.2573:0.018759 -1.2453:-0.00029964 -1.235:0.0060367 -1.2321:-0.00074261 -1.1635:0.083754 -1.158:-0.0057405 -1.1543:0.041585 -1.1465:-0.0015602 -1.1291:0.15597 -1.088:-0.00082482 -1.082:0.018669 -1.0765:-0.0017239 -1.0693:0.053036 -1.0142:-0.00029355 -0.99131:0.078597 Root chosen -1.1291
GWBSE INF ...  Roots found for qplevel:9 (qpenergy:qpweight)
		-1.4383:-0.0026308 -1.4293:0.019626 -1.4172:-0.00038675 -1.4009:0.013497 -1.3995:-0.0073505 -1.3957:0.011741 -1.3908:-0.0011238 -1.388:0.0055661 -1.3871:-0.0030679 -1.3505:0.030094 -1.3484:-0.0065325 -1.339:0.054445 -1.3348:-0.0067708 -1.333:0.02459 -1.3322:-0.017614 -1.3266:0.051206 -1.3037:-0.001762 -1.2992:0.030554 -1.2695:-0.00056065 -1.2557:0.064027 -1.2187:-0.001431 -1.2174:0.0037153 -1.2158:-0.0014407 -1.2074:0.036463 -1.158:-0.00022937 -1.1408:0.056417 -1.0878:-0.0011657 -1.0852:0.0087343 -1.0763:-0.0015832 -1.0735:0.013833 -1.0388:-0.00099354 -1.0356:0.011801 -1.0022:-0.0025563 -1.0007:0.0096877 Root chosen -1.2557
GWBSE INF ...  Roots found for qplevel:12 (qpenergy:qpweight)
		-1.0747:0.013685 -1.0717:-0.0013683 -0.93695:0.59392 Root chosen -0.93695
GWBSE INF ...  Roots found for qplevel:13 (qpenergy:qpweight)
		-1.0472:0.042644 -1.0392:-0.00071899 -0.92422:0.56548 Root chosen -0.92422
GWBSE INF ...  Roots found for qplevel:14 (qpenergy:qpweight)
		-0.89192:0.6827 Root chosen -0.89192
GWBSE INF ...  Roots found for qplevel:15 (qpenergy:qpweight)
		-0.8561:0.052419 -0.85416:-0.0098447 -0.80482:0.74528 Root chosen -0.80482
GWBSE INF ...  Roots found for qplevel:16 (qpenergy:qpweight)
		-0.73884:0.73399 Root chosen -0.73884
GWBSE INF ...  Roots found for qplevel:17 (qpenergy:qpweight)
		-0.78551:0.79934 Root chosen -0.78551
GWBSE INF ...  Roots found for qplevel:18 (qpenergy:qpweight)
		-0.79217:0.78305 Root chosen -0.79217
GWBSE INF ...  Roots found for qplevel:19 (qpenergy:qpweight)
		-0.73381:0.83464 Root chosen -0.73381
GWBSE INF ...  Roots found for qplevel:20 (qpenergy:qpweight)
		-0.62203:0.86308 Root chosen -0.62203
GWBSE INF ...  Roots found for qplevel:21 (qpenergy:qpweight)
		-0.61373:0.85023 Root chosen -0.61373
GWBSE INF ...  Roots found for qplevel:22 (qpenergy:qpweight)
		-0.1949:0.9086 Root chosen -0.1949
GWBSE INF ...  Roots found for qplevel:23 (qpenergy:qpweight)
		-0.08296:0.94209 Root chosen -0.08296
GWBSE INF ...  Roots found for qplevel:24 (qpenergy:qpweight)
		-0.11274:0.91243 Root chosen -0.11274
GWBSE INF ...  Roots found for qplevel:26 (qpenergy:qpweight)
		-0.014535:0.94335 Root chosen -0.014535
GWBSE INF ...  Roots found for qplevel:25 (qpenergy:qpweight)
		0.011781:0.95059 Root chosen 0.011781
GWBSE INF ...  Roots found for qplevel:27 (qpenergy:qpweight)
		0.068528:0.94563 Root chosen 0.068528
GWBSE INF ...  Roots found for qplevel:28 (qpenergy:qpweight)
		0.087861:0.94297 Root chosen 0.087861
GWBSE INF ...  Roots found for qplevel:29 (qpenergy:qpweight)
		0.10264:0.94752 Root chosen 0.10264
GWBSE INF ...  Roots found for qplevel:30 (qpenergy:qpweight)
		0.14646:0.95124 Root chosen 0.14646
GWBSE INF ...  Roots found for qplevel:31 (qpenergy:qpweight)
		0.22218:0.94439 Root chosen 0.22218
GWBSE INF ...  Roots found for qplevel:32 (qpenergy:qpweight)
		0.32346:0.94419 Root chosen 0.32346
GWBSE INF ...  Roots found for qplevel:34 (qpenergy:qpweight)
		0.42366:0.93584 Root chosen 0.42366
GWBSE INF ...  Roots found for qplevel:35 (qpenergy:qpweight)
		0.41023:0.9245 0.91891:-0.0012808 0.92054:0.0056512 Root chosen 0.41023
GWBSE INF ...  Roots found for qplevel:33 (qpenergy:qpweight)
		0.30775:0.92453 0.94117:-0.0010251 0.94268:0.0041172 Root chosen 0.30775
GWBSE INF ...  Roots found for qplevel:36 (qpenergy:qpweight)
		0.42267:0.90717 0.98082:-0.0014289 0.98227:0.0053654 Root chosen 0.42267
GWBSE INF ...  Roots found for qplevel:37 (qpenergy:qpweight)
		0.559:0.88592 0.91862:-0.00048308 0.92381:0.013563 Root chosen 0.559
GWBSE INF ...  Roots found for qplevel:38 (qpenergy:qpweight)
		0.65071:0.78915 Root chosen 0.65071
GWBSE INF ...  Roots found for qplevel:39 (qpenergy:qpweight)
		0.60329:0.83839 0.86178:-0.00038018 0.86881:0.0141 0.92026:-0.00066237 0.92484:0.013807 1.0333:-0.0016421 1.0346:0.0063335 1.1414:-0.00018789 1.1508:0.0154 Root chosen 0.60329
GWBSE INF ...  Roots found for qplevel:40 (qpenergy:qpweight)
		0.616:0.86331 1.226:-0.00022229 1.2319:0.0074069 1.2429:-0.0068922 1.2439:0.0090206 Root chosen 0.616
GWBSE INF ...  Roots found for qplevel:41 (qpenergy:qpweight)
		0.62246:0.76814 0.83943:-0.00014153 0.86634:0.079907 0.94241:-0.00064383 0.9495:0.028942 1.1138:-0.00090055 1.1166:0.0090108 Root chosen 0.62246
GWBSE INF ...  Roots found for qplevel:42 (qpenergy:qpweight)
		0.66058:0.48363 0.66497:-0.092336 0.66695:0.35414 0.7519:-0.005641 0.7539:0.031911 0.91864:-0.00088232 0.92297:0.017245 1.3137:-0.00099722 1.3152:0.0034764 Root chosen 0.66058
GWBSE INF ...  Roots found for qplevel:43 (qpenergy:qpweight)
		0.68376:0.7441 0.92036:-0.0011712 0.92336:0.012278 1.0329:-0.00022813 1.0429:0.010706 1.0467:-0.0041177 1.0487:0.01549 1.1414:-0.00019706 1.1492:0.0096815 1.1628:-0.00029761 1.173:0.019115 Root chosen 0.68376
GWBSE INF ...  Roots found for qplevel:44 (qpenergy:qpweight)
		0.70037:0.69741 0.83972:-0.0021652 0.84241:0.018991 0.94236:-0.0002074 0.95844:0.028684 1.0607:-0.00034606 1.0689:0.020121 1.1137:-0.0010012 1.1173:0.011714 1.2435:-0.00019173 1.2538:0.019185 Root chosen 0.70037
GWBSE INF ...  Roots found for qplevel:45 (qpenergy:qpweight)
		0.83044:0.10732 0.83158:-0.030389 0.86106:0.59124 0.94079:-0.0014593 0.94576:0.030376 0.96683:-0.042748 0.96714:0.053797 0.98049:-0.0017355 0.98504:0.034224 1.0599:-0.0010716 1.0634:0.017031 1.0718:-0.0051715 1.0745:0.019328 1.1119:-0.00071374 1.1175:0.015752 1.2816:-0.0083404 1.2821:0.013292 1.3975:-0.0021979 1.3986:0.0059681 Root chosen 0.86106
GWBSE INF ...  Roots found for qplevel:46 (qpenergy:qpweight)
		0.8631:0.69633 0.96622:-0.0028312 0.96879:0.022343 1.0452:-0.00049685 1.0516:0.017597 1.072:-0.0006132 1.079:0.024262 1.1874:-0.00082899 1.1904:0.0055403 1.2018:-0.0010163 1.2073:0.011588 1.2261:-0.0015025 1.2287:0.010891 1.281:-0.00051308 1.2859:0.011026 1.356:-0.00085142 1.3583:0.0087875 Root chosen 0.8631
GWBSE INF ...  Roots found for qplevel:47 (qpenergy:qpweight)
		0.8871:0.36952 0.91855:-0.003308 0.92454:0.096109 0.98846:-0.00189 0.99068:0.01165 1.0229:-0.00020724 1.0594:0.12781 1.1595:-0.0019996 1.1621:0.015011 1.2532:-0.00066547 1.258:0.012793 1.3835:-0.0017455 1.3851:0.0072217 1.4904:-0.0012659 1.492:0.0058008 Root chosen 0.8871
GWBSE INF ...  Roots found for qplevel:48 (qpenergy:qpweight)
		0.89026:0.085834 0.89173:-0.024548 0.90231:0.18072 0.91839:-0.0017017 0.94239:0.30651 0.98819:-0.00087568 0.99605:0.045568 1.0025:-0.0020829 1.0144:0.12025 1.0821:-0.0017025 1.0856:0.022056 1.1741:-0.0024959 1.1757:0.010317 1.2448:-0.0066859 1.2456:0.011497 1.271:-0.00059236 1.2763:0.014743 1.3113:-0.0025048 1.3129:0.024347 1.5551:-0.00050205 1.5586:0.0066198 Root chosen 0.94239
GWBSE INF ...  Roots found for qplevel:49 (qpenergy:qpweight)
		0.90155:0.15328 0.90583:-0.010656 0.9168:0.20966 0.94075:-0.0026753 0.94607:0.051998 0.96589:-0.00078193 0.99168:0.17658 1.0599:-0.0018951 1.064:0.027955 1.2163:-0.00046411 1.2206:0.0061434 1.2245:-0.0051097 1.2293:0.01561 1.2813:-0.0019219 1.2828:0.0074113 1.3464:-0.00059942 1.3511:0.012359 1.3822:-0.0034432 1.3832:0.0091129 Root chosen 0.9168
GWBSE INF ...  Roots found for qplevel:50 (qpenergy:qpweight)
		1.0488:0.055664 1.0556:-0.0024317 1.0585:0.015707 1.059:-0.010414 1.0695:0.018296 1.0715:-0.0035364 1.1097:0.036521 1.1114:-0.0087094 1.1288:0.095579 1.1344:-0.0045846 1.14:0.042335 1.143:-0.0074719 1.1474:0.038369 1.1488:-0.017113 1.1552:0.075454 1.1576:-0.034069 1.1589:0.060757 1.17:-0.0097326 1.1737:0.032334 1.1746:-0.019212 1.1811:0.07079 1.1872:-0.014325 1.1897:0.067552 1.2162:-0.001654 1.2284:0.078891 1.2421:-0.0095975 1.2441:0.046888 1.3298:-0.0076639 1.3307:0.021515 1.578:-0.00022743 1.5865:0.01325 1.6156:-0.0014919 1.6172:0.0064158 1.6372:-0.0025014 1.6383:0.0073678 1.6678:-0.00056397 1.6719:0.0095405 1.7541:-0.00072016 1.7566:0.0092481 Root chosen 1.1288
GWBSE INF ...  Roots found for qplevel:51 (qpenergy:qpweight)
		1.0773:0.029841 1.0817:-0.0015682 1.1715:0.027267 1.1733:-0.0061011 1.2014:0.13079 1.2037:-0.061709 1.2052:0.11335 1.2177:-0.0088253 1.2198:0.028863 1.2249:-0.011818 1.2297:0.086361 1.2529:-0.0040739 1.2564:0.025934 1.2708:-0.00065693 1.2853:0.034242 1.2891:-0.0040444 1.2996:0.069622 1.3036:-0.0146 1.3063:0.061118 1.3072:-0.037053 1.311:0.13848 1.3832:-0.001334 1.3869:0.018529 1.403:-0.002626 1.4068:0.018098 1.4093:-0.030218 1.4099:0.047436 1.5552:-0.0012579 1.5573:0.0081648 1.6003:-0.00039725 1.6068:0.011589 1.6121:-0.0026624 1.6148:0.015812 1.6985:-0.0006849 1.7015:0.0061238 1.7058:-0.0033131 1.7074:0.010645 1.8144:-0.00068697 1.8185:0.0080953 Root chosen 1.311
GWBSE INF ...  Roots found for qplevel:52 (qpenergy:qpweight)
		1.1586:0.016745 1.1602:-0.0043158 1.2607:0.039545 1.2618:-0.014726 1.2782:0.038436 1.2805:-0.0063294 1.3187:0.42038 1.3294:-0.013145 1.3325:0.11514 1.3593:-0.014517 1.3603:0.031775 1.3731:-0.0015303 1.3874:0.087391 1.5328:-0.00098287 1.5368:0.017655 1.5783:-0.0019736 1.58:0.0081881 1.6784:-0.0021187 1.6798:0.009364 1.7135:-0.00064455 1.7164:0.0063925 1.7728:-0.00024765 1.7794:0.0069589 1.7864:-0.001805 1.7893:0.011979 1.7994:-0.0012384 1.8026:0.013319 1.8477:-0.00098412 1.8497:0.0054266 Root chosen 1.3187
GWBSE INF ...  Roots found for qplevel:53 (qpenergy:qpweight)
		1.0777:0.024715 1.0817:-0.0015956 1.1112:0.031009 1.1118:-0.018865 1.1479:0.053148 1.1589:-0.0018818 1.2124:0.068929 1.2143:-0.029574 1.2161:0.054283 1.225:-0.013968 1.2303:0.030322 1.2345:-0.0048247 1.2402:0.055924 1.2708:-0.00056403 1.2831:0.023982 1.2892:-0.0011084 1.3058:0.028215 1.3106:-0.0029747 1.3249:0.056072 1.3277:-0.010103 1.3352:0.15134 1.4042:-0.003885 1.406:0.016754 1.4251:-0.0028189 1.4273:0.017564 1.499:-0.00063909 1.5049:0.01595 1.5734:-0.0010054 1.5775:0.0090758 1.6007:-0.0030697 1.6019:0.0093292 1.6591:-0.0020365 1.6605:0.006986 1.7059:-0.0016071 1.7081:0.0096293 1.9143:-0.00047211 1.9181:0.0073767 Root chosen 1.3352
GWBSE INF ...  Roots found for qplevel:54 (qpenergy:qpweight)
		1.131:0.0092459 1.1342:-0.0007996 1.3792:0.024176 1.3813:-0.0046783 1.4117:0.11912 1.4226:-0.0023868 1.4397:0.1868 1.532:-0.00032653 1.5392:0.0084186 1.5397:-0.0053726 1.5549:0.029755 1.5573:-0.0081115 1.5602:0.026416 1.5634:-0.0089812 1.5655:0.038375 1.5779:-0.0010068 1.5865:0.037308 1.5937:-0.0050085 1.5963:0.029418 1.6264:-0.00066589 1.635:0.027588 1.6389:-0.0069362 1.6414:0.029493 1.6527:-0.0026578 1.6565:0.030923 1.6782:-0.0037703 1.6809:0.026509 Root chosen 1.4397
GWBSE INF ...  Roots found for qplevel:55 (qpenergy:qpweight)
		1.4558:0.012516 1.4574:-0.0030402 1.53:0.039945 1.5344:-0.0026834 1.5429:0.036064 1.5444:-0.014527 1.5474:0.039977 1.5552:-0.0075238 1.5564:0.019108 1.5733:-0.00045842 1.5816:0.0046992 1.5846:-0.00056016 1.6197:0.020078 1.6209:-0.0048426 1.6728:0.026171 1.6745:-0.006797 1.6792:0.019887 1.6828:-0.0023169 1.7208:0.10841 1.7259:-0.0067943 1.7311:0.068056 1.7326:-0.034902 1.7347:0.05679 1.741:-0.014327 1.7425:0.029894 1.7474:-0.0032344 1.7548:0.069927 1.7668:-0.0053408 1.7705:0.041023 1.7769:-0.0047376 1.7802:0.048537 1.8142:-0.00091746 1.8209:0.022539 1.8262:-0.0044042 1.832:0.040417 1.8416:-0.0034808 1.844:0.015906 1.8458:-0.0064862 1.8512:0.067099 1.9014:-0.0049191 1.9031:0.016671 1.9337:-0.001233 1.9376:0.020993 2.1065:-0.00094487 2.1102:0.0097324 2.2921:-0.00010583 2.3072:0.021814 Root chosen 1.7208
GWBSE INF ...  Roots found for qplevel:56 (qpenergy:qpweight)
		1.5258:0.020625 1.5264:-0.012556 1.5308:0.0082577 1.5319:-0.0037778 1.5728:0.025223 1.5777:-0.0012028 1.588:0.01861 1.5934:-0.0011938 1.5995:0.0088361 1.604:-0.00087378 1.6599:0.017358 1.6637:-0.0014401 1.6736:0.011993 1.6777:-0.00078465 1.7503:0.017144 1.7536:-0.0017415 1.8217:0.093243 1.828:-0.0023672 1.8599:0.069537 1.8607:-0.042847 1.8837:0.27932 1.9675:-0.0014322 1.9715:0.019035 1.9774:-0.0037341 1.9802:0.03039 2.1063:-0.0031298 2.1079:0.011306 2.1807:-0.0020287 2.1824:0.010039 2.266:-0.00051254 2.2725:0.011518 2.4184:-0.00022497 2.4251:0.0083049 Root chosen 1.8837
GWBSE ERR ... 2021-10-13 14:44:15 Not converged PQP states are:0 5
GWBSE ERR ... 2021-10-13 14:44:15 Increase the grid search interval
GWBSE ERR ...   ====== Perturbative quasiparticle energies (Hartree) ====== 
GWBSE ERR ...    DeltaHLGap = +0.162666 Hartree
GWBSE ERR ...   Level =    0 DFT = -88.9736 VXC = -4.8356 S-X = -7.2740 S-C = -9.0524 GWA = -100.4644
GWBSE ERR ...   Level =    1 DFT = -10.2049 VXC = -1.6894 S-X = -2.6702 S-C = +0.6639 GWA = -10.5218
GWBSE ERR ...   Level =    2 DFT = -10.2048 VXC = -1.6894 S-X = -2.6702 S-C = +0.6639 GWA = -10.5217
GWBSE ERR ...   Level =    3 DFT = -10.1828 VXC = -1.6891 S-X = -2.6695 S-C = +0.6453 GWA = -10.5179
GWBSE ERR ...   Level =    4 DFT = -10.1817 VXC = -1.6897 S-X = -2.6706 S-C = +0.6452 GWA = -10.5175
GWBSE ERR ...   Level =    5 DFT = -7.9933 VXC = -1.3919 S-X = -2.5124 S-C = +0.3594 GWA = -8.7544
GWBSE ERR ...   Level =    6 DFT = -5.9030 VXC = -1.4174 S-X = -2.1975 S-C = +0.4665 GWA = -6.2167
GWBSE ERR ...   Level =    7 DFT = -5.8982 VXC = -1.4186 S-X = -2.2025 S-C = +0.4687 GWA = -6.2134
GWBSE ERR ...   Level =    8 DFT = -5.8932 VXC = -1.4215 S-X = -2.2056 S-C = +0.4727 GWA = -6.2045
GWBSE ERR ...   Level =    9 DFT = -0.9483 VXC = -0.0686 S-X = -0.7210 S-C = +0.3450 GWA = -1.2557
GWBSE ERR ...   Level =   10 DFT = -0.7734 VXC = -0.0748 S-X = -0.6934 S-C = +0.2630 GWA = -1.1290
GWBSE ERR ...   Level =   11 DFT = -0.7572 VXC = -0.0695 S-X = -0.6888 S-C = +0.2408 GWA = -1.1358
GWBSE ERR ...   Level =   12 DFT = -0.5828 VXC = -0.0694 S-X = -0.6053 S-C = +0.1817 GWA = -0.9369
GWBSE ERR ...   Level =   13 DFT = -0.5820 VXC = -0.0716 S-X = -0.6170 S-C = +0.2032 GWA = -0.9242
GWBSE ERR ...   Level =   14 DFT = -0.5419 VXC = -0.0623 S-X = -0.5767 S-C = +0.1645 GWA = -0.8919
GWBSE ERR ...   Level =   15 DFT = -0.4353 VXC = -0.0738 S-X = -0.5652 S-C = +0.1219 GWA = -0.8048
GWBSE ERR ...   Level =   16 DFT = -0.4116 VXC = -0.0382 S-X = -0.5025 S-C = +0.1370 GWA = -0.7388
GWBSE ERR ...   Level =   17 DFT = -0.4109 VXC = -0.0743 S-X = -0.5521 S-C = +0.1033 GWA = -0.7855
GWBSE ERR ...   Level =   18 DFT = -0.4101 VXC = -0.0650 S-X = -0.5700 S-C = +0.1230 GWA = -0.7922
GWBSE ERR ...   Level =   19 DFT = -0.3589 VXC = -0.0704 S-X = -0.5424 S-C = +0.0971 GWA = -0.7338
GWBSE ERR ...   Level =   20 DFT = -0.2678 VXC = -0.0480 S-X = -0.4669 S-C = +0.0646 GWA = -0.6220
GWBSE ERR ...   HOMO  =   21 DFT = -0.2511 VXC = -0.0333 S-X = -0.4597 S-C = +0.0638 GWA = -0.6137
GWBSE ERR ...   LUMO  =   22 DFT = +0.0050 VXC = -0.0441 S-X = -0.2492 S-C = +0.0052 GWA = -0.1949
GWBSE ERR ...   Level =   23 DFT = +0.0840 VXC = -0.0478 S-X = -0.1950 S-C = -0.0198 GWA = -0.0830
GWBSE ERR ...   Level =   24 DFT = +0.0857 VXC = -0.0382 S-X = -0.2100 S-C = -0.0266 GWA = -0.1128
GWBSE ERR ...   Level =   25 DFT = +0.1315 VXC = -0.0318 S-X = -0.1202 S-C = -0.0312 GWA = +0.0118
GWBSE ERR ...   Level =   26 DFT = +0.1459 VXC = -0.0537 S-X = -0.1843 S-C = -0.0298 GWA = -0.0145
GWBSE ERR ...   Level =   27 DFT = +0.1884 VXC = -0.0296 S-X = -0.1124 S-C = -0.0371 GWA = +0.0685
GWBSE ERR ...   Level =   28 DFT = +0.2152 VXC = -0.0365 S-X = -0.1238 S-C = -0.0401 GWA = +0.0879
GWBSE ERR ...   Level =   29 DFT = +0.2253 VXC = -0.0277 S-X = -0.1138 S-C = -0.0365 GWA = +0.1026
GWBSE ERR ...   Level =   30 DFT = +0.3001 VXC = -0.0337 S-X = -0.1546 S-C = -0.0327 GWA = +0.1465
GWBSE ERR ...   Level =   31 DFT = +0.3692 VXC = -0.0381 S-X = -0.1440 S-C = -0.0412 GWA = +0.2222
GWBSE ERR ...   Level =   32 DFT = +0.4542 VXC = -0.0592 S-X = -0.1414 S-C = -0.0486 GWA = +0.3235
GWBSE ERR ...   Level =   33 DFT = +0.4789 VXC = -0.0551 S-X = -0.1682 S-C = -0.0580 GWA = +0.3078
GWBSE ERR ...   Level =   34 DFT = +0.5311 VXC = -0.0848 S-X = -0.1420 S-C = -0.0503 GWA = +0.4237
GWBSE ERR ...   Level =   35 DFT = +0.5472 VXC = -0.1003 S-X = -0.1782 S-C = -0.0591 GWA = +0.4102
GWBSE ERR ...   Level =   36 DFT = +0.5659 VXC = -0.1114 S-X = -0.1812 S-C = -0.0734 GWA = +0.4227
GWBSE ERR ...   Level =   37 DFT = +0.6982 VXC = -0.0834 S-X = -0.1349 S-C = -0.0877 GWA = +0.5590
GWBSE ERR ...   Level =   38 DFT = +0.7435 VXC = -0.1073 S-X = -0.1262 S-C = -0.0739 GWA = +0.6507
GWBSE ERR ...   Level =   39 DFT = +0.7524 VXC = -0.0909 S-X = -0.1224 S-C = -0.1176 GWA = +0.6033
GWBSE ERR ...   Level =   40 DFT = +0.7585 VXC = -0.1233 S-X = -0.1582 S-C = -0.1076 GWA = +0.6160
GWBSE ERR ...   Level =   41 DFT = +0.7855 VXC = -0.0920 S-X = -0.1214 S-C = -0.1337 GWA = +0.6225
GWBSE ERR ...   Level =   42 DFT = +0.8182 VXC = -0.1309 S-X = -0.1632 S-C = -0.1254 GWA = +0.6606
GWBSE ERR ...   Level =   43 DFT = +0.8384 VXC = -0.0930 S-X = -0.1155 S-C = -0.1321 GWA = +0.6838
GWBSE ERR ...   Level =   44 DFT = +0.8576 VXC = -0.0921 S-X = -0.1131 S-C = -0.1361 GWA = +0.7004
GWBSE ERR ...   Level =   45 DFT = +1.0060 VXC = -0.1385 S-X = -0.1294 S-C = -0.1540 GWA = +0.8611
GWBSE ERR ...   Level =   46 DFT = +1.0225 VXC = -0.1607 S-X = -0.1530 S-C = -0.1671 GWA = +0.8631
GWBSE ERR ...   Level =   47 DFT = +1.0431 VXC = -0.1648 S-X = -0.1364 S-C = -0.1844 GWA = +0.8871
GWBSE ERR ...   Level =   48 DFT = +1.0769 VXC = -0.1478 S-X = -0.1328 S-C = -0.1495 GWA = +0.9424
GWBSE ERR ...   Level =   49 DFT = +1.0797 VXC = -0.1479 S-X = -0.1327 S-C = -0.1780 GWA = +0.9168
GWBSE ERR ...   Level =   50 DFT = +1.2718 VXC = -0.0872 S-X = -0.0875 S-C = -0.1427 GWA = +1.1288
GWBSE ERR ...   Level =   51 DFT = +1.3626 VXC = -0.0915 S-X = -0.0950 S-C = -0.0481 GWA = +1.3110
GWBSE ERR ...   Level =   52 DFT = +1.4091 VXC = -0.1099 S-X = -0.0810 S-C = -0.1193 GWA = +1.3187
GWBSE ERR ...   Level =   53 DFT = +1.4354 VXC = -0.0626 S-X = -0.1223 S-C = -0.0404 GWA = +1.3352
GWBSE ERR ...   Level =   54 DFT = +1.6255 VXC = -0.0500 S-X = -0.1272 S-C = -0.1085 GWA = +1.4397
GWBSE ERR ...   Level =   55 DFT = +1.8646 VXC = -0.0440 S-X = -0.1147 S-C = -0.0731 GWA = +1.7208
GWBSE ERR ...   Level =   56 DFT = +1.9754 VXC = -0.0434 S-X = -0.1060 S-C = -0.0291 GWA = +1.8837
GWBSE INF ... 2021-10-13 14:44:15 Calculating offdiagonal part of Sigma  
GWBSE ERR ... 2021-10-13 14:44:15 Calculated offdiagonal part of Sigma  
GWBSE ERR ... 2021-10-13 14:44:15 Full quasiparticle Hamiltonian  
GWBSE ERR ...   ====== Diagonalized quasiparticle energies (Hartree) ====== 
GWBSE ERR ...   Level =    0 PQP = -100.464429 DQP = -100.464472 
GWBSE ERR ...   Level =    1 PQP = -10.521780 DQP = -10.521967 
GWBSE ERR ...   Level =    2 PQP = -10.521741 DQP = -10.521900 
GWBSE ERR ...   Level =    3 PQP = -10.517909 DQP = -10.518015 
GWBSE ERR ...   Level =    4 PQP = -10.517499 DQP = -10.517725 
GWBSE ERR ...   Level =    5 PQP = -8.754410 DQP = -8.755536 
GWBSE ERR ...   Level =    6 PQP = -6.216657 DQP = -6.219502 
GWBSE ERR ...   Level =    7 PQP = -6.213373 DQP = -6.216144 
GWBSE ERR ...   Level =    8 PQP = -6.204549 DQP = -6.207128 
GWBSE ERR ...   Level =    9 PQP = -1.255680 DQP = -1.442002 
GWBSE ERR ...   Level =   10 PQP = -1.129042 DQP = -1.148031 
GWBSE ERR ...   Level =   11 PQP = -1.135844 DQP = -1.137345 
GWBSE ERR ...   Level =   12 PQP = -0.936947 DQP = -0.941240 
GWBSE ERR ...   Level =   13 PQP = -0.924214 DQP = -0.915116 
GWBSE ERR ...   Level =   14 PQP = -0.891917 DQP = -0.805440 
GWBSE ERR ...   Level =   15 PQP = -0.804814 DQP = -0.803694 
GWBSE ERR ...   Level =   16 PQP = -0.738831 DQP = -0.788238 
GWBSE ERR ...   Level =   17 PQP = -0.785500 DQP = -0.765559 
GWBSE ERR ...   Level =   18 PQP = -0.792174 DQP = -0.742228 
GWBSE ERR ...   Level =   19 PQP = -0.733809 DQP = -0.717563 
GWBSE ERR ...   Level =   20 PQP = -0.622041 DQP = -0.625906 
GWBSE ERR ...   HOMO  =   21 PQP = -0.613731 DQP = -0.620392 
GWBSE ERR ...   LUMO  =   22 PQP = -0.194910 DQP = -0.202709 
GWBSE ERR ...   Level =   23 PQP = -0.082954 DQP = -0.124209 
GWBSE ERR ...   Level =   24 PQP = -0.112751 DQP = -0.097425 
GWBSE ERR ...   Level =   25 PQP = +0.011785 DQP = -0.032965 
GWBSE ERR ...   Level =   26 PQP = -0.014538 DQP = +0.012651 
GWBSE ERR ...   Level =   27 PQP = +0.068522 DQP = +0.053421 
GWBSE ERR ...   Level =   28 PQP = +0.087854 DQP = +0.083406 
GWBSE ERR ...   Level =   29 PQP = +0.102641 DQP = +0.092323 
GWBSE ERR ...   Level =   30 PQP = +0.146461 DQP = +0.149766 
GWBSE ERR ...   Level =   31 PQP = +0.222185 DQP = +0.212705 
GWBSE ERR ...   Level =   32 PQP = +0.323469 DQP = +0.286440 
GWBSE ERR ...   Level =   33 PQP = +0.307754 DQP = +0.325579 
GWBSE ERR ...   Level =   34 PQP = +0.423663 DQP = +0.416595 
GWBSE ERR ...   Level =   35 PQP = +0.410228 DQP = +0.427921 
GWBSE ERR ...   Level =   36 PQP = +0.422670 DQP = +0.428073 
GWBSE ERR ...   Level =   37 PQP = +0.559002 DQP = +0.553370 
GWBSE ERR ...   Level =   38 PQP = +0.650712 DQP = +0.608473 
GWBSE ERR ...   Level =   39 PQP = +0.603291 DQP = +0.613617 
GWBSE ERR ...   Level =   40 PQP = +0.616001 DQP = +0.629020 
GWBSE ERR ...   Level =   41 PQP = +0.622460 DQP = +0.643364 
GWBSE ERR ...   Level =   42 PQP = +0.660579 DQP = +0.666313 
GWBSE ERR ...   Level =   43 PQP = +0.683766 DQP = +0.691846 
GWBSE ERR ...   Level =   44 PQP = +0.700376 DQP = +0.711923 
GWBSE ERR ...   Level =   45 PQP = +0.861062 DQP = +0.847186 
GWBSE ERR ...   Level =   46 PQP = +0.863093 DQP = +0.879669 
GWBSE ERR ...   Level =   47 PQP = +0.887098 DQP = +0.904442 
GWBSE ERR ...   Level =   48 PQP = +0.942396 DQP = +0.949063 
GWBSE ERR ...   Level =   49 PQP = +0.916810 DQP = +0.962641 
GWBSE ERR ...   Level =   50 PQP = +1.128786 DQP = +1.137491 
GWBSE ERR ...   Level =   51 PQP = +1.311016 DQP = +1.316828 
GWBSE ERR ...   Level =   52 PQP = +1.318719 DQP = +1.319691 
GWBSE ERR ...   Level =   53 PQP = +1.335246 DQP = +1.352515 
GWBSE ERR ...   Level =   54 PQP = +1.439744 DQP = +1.468472 
GWBSE ERR ...   Level =   55 PQP = +1.720767 DQP = +1.739426 
GWBSE ERR ...   Level =   56 PQP = +1.883653 DQP = +1.897989 
GWBSE ERR ... 2021-10-13 14:44:15 Diagonalized QP Hamiltonian  
GWBSE ERR ... 2021-10-13 14:44:15 GW calculation took 0.97676 seconds.
GWBSE ERR ... 2021-10-13 14:44:15 Setup Full triplet hamiltonian 
GWBSE ERR ... 2021-10-13 14:44:15 Davidson Solver using 4 threads.
GWBSE ERR ... 2021-10-13 14:44:15 Tolerance : 0.0001
GWBSE ERR ... 2021-10-13 14:44:15 DPR Correction
GWBSE ERR ... 2021-10-13 14:44:15 Matrix size : 1540x1540
GWBSE ERR ... 2021-10-13 14:44:15 iter	Search Space	Norm
GWBSE ERR ... 2021-10-13 14:44:15    0           20 	 7.21e-02 	  0.00% converged
GWBSE ERR ... 2021-10-13 14:44:15    1           35 	 1.70e-02 	  0.00% converged
GWBSE ERR ... 2021-10-13 14:44:15    2           50 	 2.18e-03 	  0.00% converged
GWBSE ERR ... 2021-10-13 14:44:16    3           65 	 3.01e-04 	 20.00% converged
GWBSE ERR ... 2021-10-13 14:44:16    4           78 	 3.90e-05 	 100.00% converged
GWBSE ERR ... 2021-10-13 14:44:16 Davidson converged after 4 iterations.
GWBSE ERR ... 2021-10-13 14:44:16-----------------------------------
GWBSE ERR ... 2021-10-13 14:44:16- Davidson ran for 0.18049secs.
GWBSE ERR ... 2021-10-13 14:44:16-----------------------------------
GWBSE INF ... 2021-10-13 14:44:16 Diagonalization done in 0.18076 secs
GWBSE ERR ... 2021-10-13 14:44:16 Solved BSE for triplets 
GWBSE ERR ...   ====== triplet energies (eV) ====== 
GWBSE ERR ...   T =    1 Omega = +3.697950360811 eV  lamdba = +335.32 nm <FT> = +12.3537 <K_d> = -8.6558
GWBSE ERR ...            HOMO-0   -> LUMO+0    : 94.8%
GWBSE ERR ...    
GWBSE ERR ...   T =    2 Omega = +4.516770816456 eV  lamdba = +274.53 nm <FT> = +11.8890 <K_d> = -7.3722
GWBSE ERR ...            HOMO-1   -> LUMO+0    : 96.0%
GWBSE ERR ...    
GWBSE ERR ...   T =    3 Omega = +6.003205585601 eV  lamdba = +206.56 nm <FT> = +14.1483 <K_d> = -8.1451
GWBSE ERR ...            HOMO-0   -> LUMO+2    : 76.8%
GWBSE ERR ...    
GWBSE ERR ...   T =    4 Omega = +6.611434283100 eV  lamdba = +187.55 nm <FT> = +14.1292 <K_d> = -7.5178
GWBSE ERR ...            HOMO-1   -> LUMO+2    : 92.8%
GWBSE ERR ...    
GWBSE ERR ...   T =    5 Omega = +7.807427591523 eV  lamdba = +158.82 nm <FT> = +14.7231 <K_d> = -6.9157
GWBSE ERR ...            HOMO-2   -> LUMO+0    : 66.4%
GWBSE ERR ...    
GWBSE ERR ...   T =    6 Omega = +7.893966408970 eV  lamdba = +157.08 nm <FT> = +14.6468 <K_d> = -6.7529
GWBSE ERR ...            HOMO-5   -> LUMO+0    : 79.5%
GWBSE ERR ...    
GWBSE ERR ...   T =    7 Omega = +7.929841113946 eV  lamdba = +156.37 nm <FT> = +14.8702 <K_d> = -6.9403
GWBSE ERR ...            HOMO-1   -> LUMO+1    : 95.1%
GWBSE ERR ...    
GWBSE ERR ...   T =    8 Omega = +7.964175678391 eV  lamdba = +155.70 nm <FT> = +14.6325 <K_d> = -6.6683
GWBSE ERR ...            HOMO-0   -> LUMO+1    : 66.6%
GWBSE ERR ...    
GWBSE ERR ...   T =    9 Omega = +9.215573516788 eV  lamdba = +134.55 nm <FT> = +16.2849 <K_d> = -7.0693
GWBSE ERR ...            HOMO-4   -> LUMO+0    : 85.0%
GWBSE ERR ...    
GWBSE ERR ...   T =   10 Omega = +9.384803888491 eV  lamdba = +132.13 nm <FT> = +16.3794 <K_d> = -6.9946
GWBSE ERR ...            HOMO-3   -> LUMO+0    : 96.3%
GWBSE ERR ...    
GWBSE ERR ... 2021-10-13 14:44:16 Setup Full singlet hamiltonian 
GWBSE ERR ... 2021-10-13 14:44:16 Davidson Solver using 4 threads.
GWBSE ERR ... 2021-10-13 14:44:16 Tolerance : 0.0001
GWBSE ERR ... 2021-10-13 14:44:16 DPR Correction
GWBSE ERR ... 2021-10-13 14:44:16 Matrix size : 1540x1540
GWBSE ERR ... 2021-10-13 14:44:16 iter	Search Space	Norm
GWBSE ERR ... 2021-10-13 14:44:16    0           20 	 3.22e-01 	  0.00% converged
GWBSE ERR ... 2021-10-13 14:44:16    1           35 	 3.93e-02 	  0.00% converged
GWBSE ERR ... 2021-10-13 14:44:16    2           50 	 8.65e-03 	  0.00% converged
GWBSE ERR ... 2021-10-13 14:44:16    3           65 	 1.19e-03 	 40.00% converged
GWBSE WAR ... 2021-10-13 14:44:16 Found 1 complex pairs in eigenvalue problem
GWBSE ERR ... 2021-10-13 14:44:16    4           73 	 8.45e-05 	 100.00% converged
GWBSE ERR ... 2021-10-13 14:44:16 Davidson converged after 4 iterations.
GWBSE ERR ... 2021-10-13 14:44:16-----------------------------------
GWBSE ERR ... 2021-10-13 14:44:16- Davidson ran for 0.24148secs.
GWBSE ERR ... 2021-10-13 14:44:16-----------------------------------
GWBSE INF ... 2021-10-13 14:44:16 Diagonalization done in 0.24189 secs
GWBSE ERR ... 2021-10-13 14:44:16 Solved BSE for singlets 
GWBSE ERR ...   ====== singlet energies (eV) ====== 
GWBSE ERR ...   S =    1 Omega = +6.118999815619 eV  lamdba = +202.65 nm <FT> = +12.3198 <K_x> = +0.6467 <K_d> = -6.8476
GWBSE ERR ...            TrDipole length gauge[e*bohr]  dx = -0.2127 dy = -0.7708 dz = +0.2517 |d|^2 = +0.7027 f = +0.1053
GWBSE ERR ...            HOMO-1   -> LUMO+0    : 87.1%
GWBSE ERR ... 
GWBSE ERR ...   S =    2 Omega = +6.390938394363 eV  lamdba = +194.02 nm <FT> = +12.5671 <K_x> = +1.1668 <K_d> = -7.3431
GWBSE ERR ...            TrDipole length gauge[e*bohr]  dx = -0.2896 dy = +0.3162 dz = +0.7237 |d|^2 = +0.7075 f = +0.1108
GWBSE ERR ...            HOMO-0   -> LUMO+0    : 95.6%
GWBSE ERR ... 
GWBSE ERR ...   S =    3 Omega = +8.310987048809 eV  lamdba = +149.20 nm <FT> = +14.4771 <K_x> = +0.7455 <K_d> = -6.9117
GWBSE ERR ...            TrDipole length gauge[e*bohr]  dx = -0.2223 dy = -0.9636 dz = +0.3326 |d|^2 = +1.0885 f = +0.2216
GWBSE ERR ...            HOMO-0   -> LUMO+2    : 57.9%
GWBSE ERR ... 
GWBSE ERR ...   S =    4 Omega = +8.335786223712 eV  lamdba = +148.76 nm <FT> = +14.6074 <K_x> = +0.3641 <K_d> = -6.6357
GWBSE ERR ...            TrDipole length gauge[e*bohr]  dx = -0.2282 dy = -0.3692 dz = +0.0708 |d|^2 = +0.1934 f = +0.0395
GWBSE ERR ...            HOMO-0   -> LUMO+1    : 54.5%
GWBSE ERR ... 
GWBSE ERR ...   S =    5 Omega = +8.373642063284 eV  lamdba = +148.08 nm <FT> = +14.7503 <K_x> = +0.3829 <K_d> = -6.7596
GWBSE ERR ...            TrDipole length gauge[e*bohr]  dx = +0.0151 dy = -0.0250 dz = -0.0405 |d|^2 = +0.0025 f = +0.0005
GWBSE ERR ...            HOMO-1   -> LUMO+1    : 98.1%
GWBSE ERR ... 
GWBSE ERR ...   S =    6 Omega = +8.509025602225 eV  lamdba = +145.73 nm <FT> = +14.7110 <K_x> = +0.5531 <K_d> = -6.7551
GWBSE ERR ...            TrDipole length gauge[e*bohr]  dx = +0.1837 dy = -0.0539 dz = +0.0962 |d|^2 = +0.0459 f = +0.0096
GWBSE ERR ...            HOMO-2   -> LUMO+0    : 63.2%
GWBSE ERR ... 
GWBSE ERR ...   S =    7 Omega = +8.590178323588 eV  lamdba = +144.35 nm <FT> = +14.5438 <K_x> = +0.9049 <K_d> = -6.8586
GWBSE ERR ...            TrDipole length gauge[e*bohr]  dx = +0.2758 dy = -0.3023 dz = -0.6914 |d|^2 = +0.6455 f = +0.1359
GWBSE ERR ...            HOMO-1   -> LUMO+2    : 93.3%
GWBSE ERR ... 
GWBSE ERR ...   S =    8 Omega = +9.390463056118 eV  lamdba = +132.05 nm <FT> = +15.6470 <K_x> = +1.4921 <K_d> = -7.7487
GWBSE ERR ...            TrDipole length gauge[e*bohr]  dx = -0.1635 dy = -0.6067 dz = +0.1999 |d|^2 = +0.4347 f = +0.1000
GWBSE ERR ...            HOMO-5   -> LUMO+0    : 75.4%
GWBSE ERR ... 
GWBSE ERR ...   S =    9 Omega = +9.620964463162 eV  lamdba = +128.89 nm <FT> = +16.2329 <K_x> = +0.3039 <K_d> = -6.9158
GWBSE ERR ...            TrDipole length gauge[e*bohr]  dx = -0.0102 dy = -0.0425 dz = +0.0124 |d|^2 = +0.0021 f = +0.0005
GWBSE ERR ...            HOMO-4   -> LUMO+0    : 91.6%
GWBSE ERR ... 
GWBSE ERR ...   S =   10 Omega = +9.747691807337 eV  lamdba = +127.21 nm <FT> = +16.3535 <K_x> = +0.3173 <K_d> = -6.9231
GWBSE ERR ...            TrDipole length gauge[e*bohr]  dx = -0.1130 dy = -0.0023 dz = -0.0443 |d|^2 = +0.0147 f = +0.0035
GWBSE ERR ...            HOMO-3   -> LUMO+0    : 98.0%
GWBSE ERR ... 
GWBSE ERR ... 2021-10-13 14:44:16 BSE calculation took 0.51137 seconds.
GWBSE ERR ... 2021-10-13 14:44:16 GWBSE calculation finished 
